{
  "D:\\RS-REACT\\001-Repo-2024\\React2024Q3\\src\\App.tsx": {
    "path": "D:\\RS-REACT\\001-Repo-2024\\React2024Q3\\src\\App.tsx",
    "all": true,
    "statementMap": {
      "0": {
        "start": { "line": 1, "column": 0 },
        "end": { "line": 1, "column": 59 }
      },
      "2": {
        "start": { "line": 3, "column": 0 },
        "end": { "line": 3, "column": 47 }
      },
      "4": {
        "start": { "line": 5, "column": 0 },
        "end": { "line": 5, "column": 19 }
      },
      "6": {
        "start": { "line": 7, "column": 0 },
        "end": { "line": 7, "column": 32 }
      },
      "7": {
        "start": { "line": 8, "column": 0 },
        "end": { "line": 8, "column": 10 }
      },
      "8": {
        "start": { "line": 9, "column": 0 },
        "end": { "line": 9, "column": 12 }
      },
      "9": {
        "start": { "line": 10, "column": 0 },
        "end": { "line": 10, "column": 19 }
      },
      "10": {
        "start": { "line": 11, "column": 0 },
        "end": { "line": 11, "column": 13 }
      },
      "12": {
        "start": { "line": 13, "column": 0 },
        "end": { "line": 13, "column": 2 }
      },
      "14": {
        "start": { "line": 15, "column": 0 },
        "end": { "line": 15, "column": 19 }
      }
    },
    "s": {
      "0": 0,
      "2": 0,
      "4": 0,
      "6": 0,
      "7": 0,
      "8": 0,
      "9": 0,
      "10": 0,
      "12": 0,
      "14": 0
    },
    "branchMap": {
      "0": {
        "type": "branch",
        "line": 1,
        "loc": {
          "start": { "line": 1, "column": 264 },
          "end": { "line": 15, "column": 19 }
        },
        "locations": [
          {
            "start": { "line": 1, "column": 264 },
            "end": { "line": 15, "column": 19 }
          }
        ]
      }
    },
    "b": { "0": [0] },
    "fnMap": {
      "0": {
        "name": "(empty-report)",
        "decl": {
          "start": { "line": 1, "column": 264 },
          "end": { "line": 15, "column": 19 }
        },
        "loc": {
          "start": { "line": 1, "column": 264 },
          "end": { "line": 15, "column": 19 }
        },
        "line": 1
      }
    },
    "f": { "0": 0 }
  },
  "D:\\RS-REACT\\001-Repo-2024\\React2024Q3\\src\\main.tsx": {
    "path": "D:\\RS-REACT\\001-Repo-2024\\React2024Q3\\src\\main.tsx",
    "all": true,
    "statementMap": {
      "0": {
        "start": { "line": 1, "column": 0 },
        "end": { "line": 1, "column": 40 }
      },
      "1": {
        "start": { "line": 2, "column": 0 },
        "end": { "line": 2, "column": 24 }
      },
      "2": {
        "start": { "line": 3, "column": 0 },
        "end": { "line": 3, "column": 69 }
      },
      "4": {
        "start": { "line": 5, "column": 0 },
        "end": { "line": 5, "column": 21 }
      },
      "6": {
        "start": { "line": 7, "column": 0 },
        "end": { "line": 7, "column": 61 }
      },
      "7": {
        "start": { "line": 8, "column": 0 },
        "end": { "line": 8, "column": 17 }
      },
      "8": {
        "start": { "line": 9, "column": 0 },
        "end": { "line": 9, "column": 11 }
      },
      "9": {
        "start": { "line": 10, "column": 0 },
        "end": { "line": 10, "column": 18 }
      },
      "10": {
        "start": { "line": 11, "column": 0 },
        "end": { "line": 11, "column": 2 }
      }
    },
    "s": {
      "0": 0,
      "1": 0,
      "2": 0,
      "4": 0,
      "6": 0,
      "7": 0,
      "8": 0,
      "9": 0,
      "10": 0
    },
    "branchMap": {
      "0": {
        "type": "branch",
        "line": 1,
        "loc": {
          "start": { "line": 1, "column": 283 },
          "end": { "line": 11, "column": 2 }
        },
        "locations": [
          {
            "start": { "line": 1, "column": 283 },
            "end": { "line": 11, "column": 2 }
          }
        ]
      }
    },
    "b": { "0": [0] },
    "fnMap": {
      "0": {
        "name": "(empty-report)",
        "decl": {
          "start": { "line": 1, "column": 283 },
          "end": { "line": 11, "column": 2 }
        },
        "loc": {
          "start": { "line": 1, "column": 283 },
          "end": { "line": 11, "column": 2 }
        },
        "line": 1
      }
    },
    "f": { "0": 0 }
  },
  "D:\\RS-REACT\\001-Repo-2024\\React2024Q3\\src\\components\\card\\Card.tsx": {
    "path": "D:\\RS-REACT\\001-Repo-2024\\React2024Q3\\src\\components\\card\\Card.tsx",
    "all": false,
    "statementMap": {
      "0": {
        "start": { "line": 1, "column": 0 },
        "end": { "line": 1, "column": 44 }
      },
      "1": {
        "start": { "line": 2, "column": 0 },
        "end": { "line": 2, "column": 39 }
      },
      "3": {
        "start": { "line": 4, "column": 0 },
        "end": { "line": 4, "column": 60 }
      },
      "4": {
        "start": { "line": 5, "column": 0 },
        "end": { "line": 5, "column": 9 }
      },
      "5": {
        "start": { "line": 6, "column": 0 },
        "end": { "line": 6, "column": 40 }
      },
      "6": {
        "start": { "line": 7, "column": 0 },
        "end": { "line": 7, "column": 22 }
      },
      "8": {
        "start": { "line": 9, "column": 0 },
        "end": { "line": 9, "column": 33 }
      },
      "9": {
        "start": { "line": 10, "column": 0 },
        "end": { "line": 10, "column": 35 }
      },
      "10": {
        "start": { "line": 11, "column": 0 },
        "end": { "line": 11, "column": 4 }
      },
      "11": {
        "start": { "line": 12, "column": 0 },
        "end": { "line": 12, "column": 10 }
      },
      "12": {
        "start": { "line": 13, "column": 0 },
        "end": { "line": 13, "column": 8 }
      },
      "13": {
        "start": { "line": 14, "column": 0 },
        "end": { "line": 14, "column": 41 }
      },
      "14": {
        "start": { "line": 15, "column": 0 },
        "end": { "line": 15, "column": 31 }
      },
      "15": {
        "start": { "line": 16, "column": 0 },
        "end": { "line": 16, "column": 24 }
      },
      "17": {
        "start": { "line": 18, "column": 0 },
        "end": { "line": 18, "column": 50 }
      },
      "18": {
        "start": { "line": 19, "column": 0 },
        "end": { "line": 19, "column": 39 }
      },
      "19": {
        "start": { "line": 20, "column": 0 },
        "end": { "line": 20, "column": 12 }
      },
      "20": {
        "start": { "line": 21, "column": 0 },
        "end": { "line": 21, "column": 54 }
      },
      "21": {
        "start": { "line": 22, "column": 0 },
        "end": { "line": 22, "column": 58 }
      },
      "22": {
        "start": { "line": 23, "column": 0 },
        "end": { "line": 23, "column": 13 }
      },
      "23": {
        "start": { "line": 24, "column": 0 },
        "end": { "line": 24, "column": 68 }
      },
      "24": {
        "start": { "line": 25, "column": 0 },
        "end": { "line": 25, "column": 14 }
      },
      "25": {
        "start": { "line": 26, "column": 0 },
        "end": { "line": 26, "column": 12 }
      },
      "26": {
        "start": { "line": 27, "column": 0 },
        "end": { "line": 27, "column": 10 }
      },
      "28": {
        "start": { "line": 29, "column": 0 },
        "end": { "line": 29, "column": 2 }
      }
    },
    "s": {
      "0": 1,
      "1": 1,
      "3": 1,
      "4": 107,
      "5": 107,
      "6": 107,
      "8": 107,
      "9": 1,
      "10": 1,
      "11": 107,
      "12": 107,
      "13": 107,
      "14": 107,
      "15": 107,
      "17": 107,
      "18": 107,
      "19": 107,
      "20": 107,
      "21": 107,
      "22": 107,
      "23": 107,
      "24": 107,
      "25": 107,
      "26": 107,
      "28": 107
    },
    "branchMap": {
      "0": {
        "type": "branch",
        "line": 4,
        "loc": {
          "start": { "line": 4, "column": 20 },
          "end": { "line": 29, "column": 2 }
        },
        "locations": [
          {
            "start": { "line": 4, "column": 20 },
            "end": { "line": 29, "column": 2 }
          }
        ]
      },
      "1": {
        "type": "branch",
        "line": 9,
        "loc": {
          "start": { "line": 9, "column": 26 },
          "end": { "line": 11, "column": 4 }
        },
        "locations": [
          {
            "start": { "line": 9, "column": 26 },
            "end": { "line": 11, "column": 4 }
          }
        ]
      }
    },
    "b": { "0": [107], "1": [1] },
    "fnMap": {
      "0": {
        "name": "Card",
        "decl": {
          "start": { "line": 4, "column": 20 },
          "end": { "line": 29, "column": 2 }
        },
        "loc": {
          "start": { "line": 4, "column": 20 },
          "end": { "line": 29, "column": 2 }
        },
        "line": 4
      },
      "1": {
        "name": "handleCardClick",
        "decl": {
          "start": { "line": 9, "column": 26 },
          "end": { "line": 11, "column": 4 }
        },
        "loc": {
          "start": { "line": 9, "column": 26 },
          "end": { "line": 11, "column": 4 }
        },
        "line": 9
      }
    },
    "f": { "0": 107, "1": 1 }
  },
  "D:\\RS-REACT\\001-Repo-2024\\React2024Q3\\src\\components\\cardDetails\\CardDetails.tsx": {
    "path": "D:\\RS-REACT\\001-Repo-2024\\React2024Q3\\src\\components\\cardDetails\\CardDetails.tsx",
    "all": false,
    "statementMap": {
      "0": {
        "start": { "line": 1, "column": 0 },
        "end": { "line": 1, "column": 57 }
      },
      "2": {
        "start": { "line": 3, "column": 0 },
        "end": { "line": 3, "column": 56 }
      },
      "3": {
        "start": { "line": 4, "column": 0 },
        "end": { "line": 4, "column": 60 }
      },
      "4": {
        "start": { "line": 5, "column": 0 },
        "end": { "line": 5, "column": 45 }
      },
      "7": {
        "start": { "line": 8, "column": 0 },
        "end": { "line": 8, "column": 46 }
      },
      "15": {
        "start": { "line": 16, "column": 0 },
        "end": { "line": 16, "column": 74 }
      },
      "16": {
        "start": { "line": 17, "column": 0 },
        "end": { "line": 17, "column": 73 }
      },
      "18": {
        "start": { "line": 19, "column": 0 },
        "end": { "line": 19, "column": 64 }
      },
      "19": {
        "start": { "line": 20, "column": 0 },
        "end": { "line": 20, "column": 57 }
      },
      "21": {
        "start": { "line": 22, "column": 0 },
        "end": { "line": 22, "column": 43 }
      },
      "22": {
        "start": { "line": 23, "column": 0 },
        "end": { "line": 23, "column": 23 }
      },
      "23": {
        "start": { "line": 24, "column": 0 },
        "end": { "line": 24, "column": 13 }
      },
      "24": {
        "start": { "line": 25, "column": 0 },
        "end": { "line": 25, "column": 5 }
      },
      "26": {
        "start": { "line": 27, "column": 0 },
        "end": { "line": 27, "column": 54 }
      },
      "27": {
        "start": { "line": 28, "column": 0 },
        "end": { "line": 28, "column": 34 }
      },
      "29": {
        "start": { "line": 30, "column": 0 },
        "end": { "line": 30, "column": 19 }
      },
      "30": {
        "start": { "line": 31, "column": 0 },
        "end": { "line": 31, "column": 20 }
      },
      "31": {
        "start": { "line": 32, "column": 0 },
        "end": { "line": 32, "column": 35 }
      },
      "33": {
        "start": { "line": 34, "column": 0 },
        "end": { "line": 34, "column": 70 }
      },
      "34": {
        "start": { "line": 35, "column": 0 },
        "end": { "line": 35, "column": 35 }
      },
      "35": {
        "start": { "line": 36, "column": 0 },
        "end": { "line": 36, "column": 4 }
      },
      "37": {
        "start": { "line": 38, "column": 0 },
        "end": { "line": 38, "column": 39 }
      },
      "38": {
        "start": { "line": 39, "column": 0 },
        "end": { "line": 39, "column": 23 }
      },
      "39": {
        "start": { "line": 40, "column": 0 },
        "end": { "line": 40, "column": 24 }
      },
      "40": {
        "start": { "line": 41, "column": 0 },
        "end": { "line": 41, "column": 4 }
      },
      "42": {
        "start": { "line": 43, "column": 0 },
        "end": { "line": 43, "column": 55 }
      },
      "43": {
        "start": { "line": 44, "column": 0 },
        "end": { "line": 44, "column": 60 }
      },
      "44": {
        "start": { "line": 45, "column": 0 },
        "end": { "line": 45, "column": 11 }
      },
      "46": {
        "start": { "line": 47, "column": 0 },
        "end": { "line": 47, "column": 10 }
      },
      "47": {
        "start": { "line": 48, "column": 0 },
        "end": { "line": 48, "column": 46 }
      },
      "48": {
        "start": { "line": 49, "column": 0 },
        "end": { "line": 49, "column": 50 }
      },
      "49": {
        "start": { "line": 50, "column": 0 },
        "end": { "line": 50, "column": 30 }
      },
      "51": {
        "start": { "line": 52, "column": 0 },
        "end": { "line": 52, "column": 11 }
      },
      "52": {
        "start": { "line": 53, "column": 0 },
        "end": { "line": 53, "column": 79 }
      },
      "53": {
        "start": { "line": 54, "column": 0 },
        "end": { "line": 54, "column": 49 }
      },
      "54": {
        "start": { "line": 55, "column": 0 },
        "end": { "line": 55, "column": 17 }
      },
      "55": {
        "start": { "line": 56, "column": 0 },
        "end": { "line": 56, "column": 51 }
      },
      "56": {
        "start": { "line": 57, "column": 0 },
        "end": { "line": 57, "column": 43 }
      },
      "57": {
        "start": { "line": 58, "column": 0 },
        "end": { "line": 58, "column": 41 }
      },
      "58": {
        "start": { "line": 59, "column": 0 },
        "end": { "line": 59, "column": 11 }
      },
      "60": {
        "start": { "line": 61, "column": 0 },
        "end": { "line": 61, "column": 19 }
      },
      "62": {
        "start": { "line": 63, "column": 0 },
        "end": { "line": 63, "column": 19 }
      },
      "63": {
        "start": { "line": 64, "column": 0 },
        "end": { "line": 64, "column": 14 }
      },
      "64": {
        "start": { "line": 65, "column": 0 },
        "end": { "line": 65, "column": 12 }
      },
      "65": {
        "start": { "line": 66, "column": 0 },
        "end": { "line": 66, "column": 10 }
      },
      "67": {
        "start": { "line": 68, "column": 0 },
        "end": { "line": 68, "column": 2 }
      },
      "73": {
        "start": { "line": 74, "column": 0 },
        "end": { "line": 74, "column": 49 }
      },
      "74": {
        "start": { "line": 75, "column": 0 },
        "end": { "line": 75, "column": 73 }
      },
      "75": {
        "start": { "line": 76, "column": 0 },
        "end": { "line": 76, "column": 31 }
      },
      "76": {
        "start": { "line": 77, "column": 0 },
        "end": { "line": 77, "column": 10 }
      },
      "77": {
        "start": { "line": 78, "column": 0 },
        "end": { "line": 78, "column": 6 }
      },
      "78": {
        "start": { "line": 79, "column": 0 },
        "end": { "line": 79, "column": 45 }
      },
      "79": {
        "start": { "line": 80, "column": 0 },
        "end": { "line": 80, "column": 56 }
      },
      "80": {
        "start": { "line": 81, "column": 0 },
        "end": { "line": 81, "column": 12 }
      },
      "81": {
        "start": { "line": 82, "column": 0 },
        "end": { "line": 82, "column": 50 }
      },
      "82": {
        "start": { "line": 83, "column": 0 },
        "end": { "line": 83, "column": 39 }
      },
      "83": {
        "start": { "line": 84, "column": 0 },
        "end": { "line": 84, "column": 12 }
      },
      "84": {
        "start": { "line": 85, "column": 0 },
        "end": { "line": 85, "column": 54 }
      },
      "85": {
        "start": { "line": 86, "column": 0 },
        "end": { "line": 86, "column": 56 }
      },
      "86": {
        "start": { "line": 87, "column": 0 },
        "end": { "line": 87, "column": 55 }
      },
      "87": {
        "start": { "line": 88, "column": 0 },
        "end": { "line": 88, "column": 15 }
      },
      "88": {
        "start": { "line": 89, "column": 0 },
        "end": { "line": 89, "column": 73 }
      },
      "89": {
        "start": { "line": 90, "column": 0 },
        "end": { "line": 90, "column": 16 }
      },
      "90": {
        "start": { "line": 91, "column": 0 },
        "end": { "line": 91, "column": 15 }
      },
      "91": {
        "start": { "line": 92, "column": 0 },
        "end": { "line": 92, "column": 69 }
      },
      "92": {
        "start": { "line": 93, "column": 0 },
        "end": { "line": 93, "column": 16 }
      },
      "93": {
        "start": { "line": 94, "column": 0 },
        "end": { "line": 94, "column": 15 }
      },
      "94": {
        "start": { "line": 95, "column": 0 },
        "end": { "line": 95, "column": 75 }
      },
      "95": {
        "start": { "line": 96, "column": 0 },
        "end": { "line": 96, "column": 26 }
      },
      "96": {
        "start": { "line": 97, "column": 0 },
        "end": { "line": 97, "column": 16 }
      },
      "97": {
        "start": { "line": 98, "column": 0 },
        "end": { "line": 98, "column": 15 }
      },
      "98": {
        "start": { "line": 99, "column": 0 },
        "end": { "line": 99, "column": 75 }
      },
      "99": {
        "start": { "line": 100, "column": 0 },
        "end": { "line": 100, "column": 16 }
      },
      "100": {
        "start": { "line": 101, "column": 0 },
        "end": { "line": 101, "column": 15 }
      },
      "101": {
        "start": { "line": 102, "column": 0 },
        "end": { "line": 102, "column": 78 }
      },
      "102": {
        "start": { "line": 103, "column": 0 },
        "end": { "line": 103, "column": 16 }
      },
      "103": {
        "start": { "line": 104, "column": 0 },
        "end": { "line": 104, "column": 14 }
      },
      "104": {
        "start": { "line": 105, "column": 0 },
        "end": { "line": 105, "column": 12 }
      },
      "105": {
        "start": { "line": 106, "column": 0 },
        "end": { "line": 106, "column": 7 }
      },
      "107": {
        "start": { "line": 108, "column": 0 },
        "end": { "line": 108, "column": 2 }
      }
    },
    "s": {
      "0": 1,
      "2": 1,
      "3": 1,
      "4": 1,
      "7": 1,
      "15": 1,
      "16": 10,
      "18": 10,
      "19": 10,
      "21": 10,
      "22": 3,
      "23": 0,
      "24": 0,
      "26": 3,
      "27": 10,
      "29": 10,
      "30": 3,
      "31": 10,
      "33": 10,
      "34": 3,
      "35": 3,
      "37": 10,
      "38": 1,
      "39": 1,
      "40": 1,
      "42": 10,
      "43": 2,
      "44": 7,
      "46": 10,
      "47": 10,
      "48": 10,
      "49": 10,
      "51": 10,
      "52": 10,
      "53": 10,
      "54": 10,
      "55": 10,
      "56": 10,
      "57": 10,
      "58": 10,
      "60": 10,
      "62": 10,
      "63": 10,
      "64": 10,
      "65": 10,
      "67": 10,
      "73": 1,
      "74": 2,
      "75": 2,
      "76": 2,
      "77": 2,
      "78": 2,
      "79": 2,
      "80": 2,
      "81": 2,
      "82": 2,
      "83": 2,
      "84": 2,
      "85": 2,
      "86": 2,
      "87": 2,
      "88": 2,
      "89": 2,
      "90": 2,
      "91": 2,
      "92": 2,
      "93": 2,
      "94": 2,
      "95": 2,
      "96": 2,
      "97": 2,
      "98": 2,
      "99": 2,
      "100": 2,
      "101": 2,
      "102": 2,
      "103": 2,
      "104": 2,
      "105": 2,
      "107": 2
    },
    "branchMap": {
      "0": {
        "type": "branch",
        "line": 16,
        "loc": {
          "start": { "line": 16, "column": 27 },
          "end": { "line": 68, "column": 2 }
        },
        "locations": [
          {
            "start": { "line": 16, "column": 27 },
            "end": { "line": 68, "column": 2 }
          }
        ]
      },
      "1": {
        "type": "branch",
        "line": 43,
        "loc": {
          "start": { "line": 43, "column": 20 },
          "end": { "line": 43, "column": 40 }
        },
        "locations": [
          {
            "start": { "line": 43, "column": 20 },
            "end": { "line": 43, "column": 40 }
          }
        ]
      },
      "2": {
        "type": "branch",
        "line": 43,
        "loc": {
          "start": { "line": 43, "column": 31 },
          "end": { "line": 43, "column": 55 }
        },
        "locations": [
          {
            "start": { "line": 43, "column": 31 },
            "end": { "line": 43, "column": 55 }
          }
        ]
      },
      "3": {
        "type": "branch",
        "line": 43,
        "loc": {
          "start": { "line": 43, "column": 41 },
          "end": { "line": 44, "column": 60 }
        },
        "locations": [
          {
            "start": { "line": 43, "column": 41 },
            "end": { "line": 44, "column": 60 }
          }
        ]
      },
      "4": {
        "type": "branch",
        "line": 44,
        "loc": {
          "start": { "line": 44, "column": 58 },
          "end": { "line": 45, "column": 11 }
        },
        "locations": [
          {
            "start": { "line": 44, "column": 58 },
            "end": { "line": 45, "column": 11 }
          }
        ]
      },
      "5": {
        "type": "branch",
        "line": 49,
        "loc": {
          "start": { "line": 49, "column": 7 },
          "end": { "line": 49, "column": 50 }
        },
        "locations": [
          {
            "start": { "line": 49, "column": 7 },
            "end": { "line": 49, "column": 50 }
          }
        ]
      },
      "6": {
        "type": "branch",
        "line": 50,
        "loc": {
          "start": { "line": 50, "column": 7 },
          "end": { "line": 50, "column": 30 }
        },
        "locations": [
          {
            "start": { "line": 50, "column": 7 },
            "end": { "line": 50, "column": 30 }
          }
        ]
      },
      "7": {
        "type": "branch",
        "line": 22,
        "loc": {
          "start": { "line": 22, "column": 36 },
          "end": { "line": 28, "column": 5 }
        },
        "locations": [
          {
            "start": { "line": 22, "column": 36 },
            "end": { "line": 28, "column": 5 }
          }
        ]
      },
      "8": {
        "type": "branch",
        "line": 23,
        "loc": {
          "start": { "line": 23, "column": 22 },
          "end": { "line": 25, "column": 5 }
        },
        "locations": [
          {
            "start": { "line": 23, "column": 22 },
            "end": { "line": 25, "column": 5 }
          }
        ]
      },
      "9": {
        "type": "branch",
        "line": 30,
        "loc": {
          "start": { "line": 30, "column": 12 },
          "end": { "line": 32, "column": 5 }
        },
        "locations": [
          {
            "start": { "line": 30, "column": 12 },
            "end": { "line": 32, "column": 5 }
          }
        ]
      },
      "10": {
        "type": "branch",
        "line": 34,
        "loc": {
          "start": { "line": 34, "column": 28 },
          "end": { "line": 36, "column": 4 }
        },
        "locations": [
          {
            "start": { "line": 34, "column": 28 },
            "end": { "line": 36, "column": 4 }
          }
        ]
      },
      "11": {
        "type": "branch",
        "line": 38,
        "loc": {
          "start": { "line": 38, "column": 32 },
          "end": { "line": 41, "column": 4 }
        },
        "locations": [
          {
            "start": { "line": 38, "column": 32 },
            "end": { "line": 41, "column": 4 }
          }
        ]
      },
      "12": {
        "type": "branch",
        "line": 74,
        "loc": {
          "start": { "line": 74, "column": 13 },
          "end": { "line": 108, "column": 2 }
        },
        "locations": [
          {
            "start": { "line": 74, "column": 13 },
            "end": { "line": 108, "column": 2 }
          }
        ]
      }
    },
    "b": {
      "0": [10],
      "1": [6],
      "2": [6],
      "3": [2],
      "4": [7],
      "5": [0],
      "6": [3],
      "7": [3],
      "8": [0],
      "9": [3],
      "10": [3],
      "11": [1],
      "12": [2]
    },
    "fnMap": {
      "0": {
        "name": "CardDetails",
        "decl": {
          "start": { "line": 16, "column": 27 },
          "end": { "line": 68, "column": 2 }
        },
        "loc": {
          "start": { "line": 16, "column": 27 },
          "end": { "line": 68, "column": 2 }
        },
        "line": 16
      },
      "1": {
        "name": "onCharacterLoaded",
        "decl": {
          "start": { "line": 34, "column": 28 },
          "end": { "line": 36, "column": 4 }
        },
        "loc": {
          "start": { "line": 34, "column": 28 },
          "end": { "line": 36, "column": 4 }
        },
        "line": 34
      },
      "2": {
        "name": "handleHideCardDetails",
        "decl": {
          "start": { "line": 38, "column": 32 },
          "end": { "line": 41, "column": 4 }
        },
        "loc": {
          "start": { "line": 38, "column": 32 },
          "end": { "line": 41, "column": 4 }
        },
        "line": 38
      },
      "3": {
        "name": "View",
        "decl": {
          "start": { "line": 74, "column": 13 },
          "end": { "line": 108, "column": 2 }
        },
        "loc": {
          "start": { "line": 74, "column": 13 },
          "end": { "line": 108, "column": 2 }
        },
        "line": 74
      }
    },
    "f": { "0": 10, "1": 3, "2": 1, "3": 2 }
  },
  "D:\\RS-REACT\\001-Repo-2024\\React2024Q3\\src\\components\\cardList\\CardList.tsx": {
    "path": "D:\\RS-REACT\\001-Repo-2024\\React2024Q3\\src\\components\\cardList\\CardList.tsx",
    "all": false,
    "statementMap": {
      "0": {
        "start": { "line": 1, "column": 0 },
        "end": { "line": 1, "column": 48 }
      },
      "1": {
        "start": { "line": 2, "column": 0 },
        "end": { "line": 2, "column": 36 }
      },
      "3": {
        "start": { "line": 4, "column": 0 },
        "end": { "line": 4, "column": 43 }
      },
      "5": {
        "start": { "line": 6, "column": 0 },
        "end": { "line": 6, "column": 68 }
      },
      "6": {
        "start": { "line": 7, "column": 0 },
        "end": { "line": 7, "column": 48 }
      },
      "8": {
        "start": { "line": 9, "column": 0 },
        "end": { "line": 9, "column": 17 }
      },
      "9": {
        "start": { "line": 10, "column": 0 },
        "end": { "line": 10, "column": 33 }
      },
      "10": {
        "start": { "line": 11, "column": 0 },
        "end": { "line": 11, "column": 48 }
      },
      "11": {
        "start": { "line": 12, "column": 0 },
        "end": { "line": 12, "column": 13 }
      },
      "12": {
        "start": { "line": 13, "column": 0 },
        "end": { "line": 13, "column": 28 }
      },
      "13": {
        "start": { "line": 14, "column": 0 },
        "end": { "line": 14, "column": 31 }
      },
      "14": {
        "start": { "line": 15, "column": 0 },
        "end": { "line": 15, "column": 27 }
      },
      "15": {
        "start": { "line": 16, "column": 0 },
        "end": { "line": 16, "column": 35 }
      },
      "16": {
        "start": { "line": 17, "column": 0 },
        "end": { "line": 17, "column": 10 }
      },
      "17": {
        "start": { "line": 18, "column": 0 },
        "end": { "line": 18, "column": 8 }
      },
      "19": {
        "start": { "line": 20, "column": 0 },
        "end": { "line": 20, "column": 57 }
      },
      "21": {
        "start": { "line": 22, "column": 0 },
        "end": { "line": 22, "column": 67 }
      },
      "22": {
        "start": { "line": 23, "column": 0 },
        "end": { "line": 23, "column": 2 }
      }
    },
    "s": {
      "0": 1,
      "1": 1,
      "3": 1,
      "5": 1,
      "6": 12,
      "8": 12,
      "9": 12,
      "10": 7,
      "11": 105,
      "12": 105,
      "13": 105,
      "14": 105,
      "15": 105,
      "16": 105,
      "17": 7,
      "19": 5,
      "21": 12,
      "22": 12
    },
    "branchMap": {
      "0": {
        "type": "branch",
        "line": 6,
        "loc": {
          "start": { "line": 6, "column": 24 },
          "end": { "line": 23, "column": 2 }
        },
        "locations": [
          {
            "start": { "line": 6, "column": 24 },
            "end": { "line": 23, "column": 2 }
          }
        ]
      },
      "1": {
        "type": "branch",
        "line": 10,
        "loc": {
          "start": { "line": 10, "column": 28 },
          "end": { "line": 18, "column": 8 }
        },
        "locations": [
          {
            "start": { "line": 10, "column": 28 },
            "end": { "line": 18, "column": 8 }
          }
        ]
      },
      "2": {
        "type": "branch",
        "line": 18,
        "loc": {
          "start": { "line": 18, "column": 7 },
          "end": { "line": 20, "column": 57 }
        },
        "locations": [
          {
            "start": { "line": 18, "column": 7 },
            "end": { "line": 20, "column": 57 }
          }
        ]
      },
      "3": {
        "type": "branch",
        "line": 11,
        "loc": {
          "start": { "line": 11, "column": 25 },
          "end": { "line": 17, "column": 10 }
        },
        "locations": [
          {
            "start": { "line": 11, "column": 25 },
            "end": { "line": 17, "column": 10 }
          }
        ]
      }
    },
    "b": { "0": [12], "1": [7], "2": [5], "3": [105] },
    "fnMap": {
      "0": {
        "name": "CardList",
        "decl": {
          "start": { "line": 6, "column": 24 },
          "end": { "line": 23, "column": 2 }
        },
        "loc": {
          "start": { "line": 6, "column": 24 },
          "end": { "line": 23, "column": 2 }
        },
        "line": 6
      }
    },
    "f": { "0": 12 }
  },
  "D:\\RS-REACT\\001-Repo-2024\\React2024Q3\\src\\components\\errorBoundary\\ErrorBoundary.tsx": {
    "path": "D:\\RS-REACT\\001-Repo-2024\\React2024Q3\\src\\components\\errorBoundary\\ErrorBoundary.tsx",
    "all": false,
    "statementMap": {
      "0": {
        "start": { "line": 1, "column": 0 },
        "end": { "line": 1, "column": 45 }
      },
      "1": {
        "start": { "line": 2, "column": 0 },
        "end": { "line": 2, "column": 60 }
      },
      "2": {
        "start": { "line": 3, "column": 0 },
        "end": { "line": 3, "column": 40 }
      },
      "3": {
        "start": { "line": 4, "column": 0 },
        "end": { "line": 4, "column": 53 }
      },
      "14": {
        "start": { "line": 15, "column": 0 },
        "end": { "line": 15, "column": 38 }
      },
      "17": {
        "start": { "line": 18, "column": 0 },
        "end": { "line": 18, "column": 3 }
      },
      "18": {
        "start": { "line": 19, "column": 0 },
        "end": { "line": 19, "column": 34 }
      },
      "19": {
        "start": { "line": 20, "column": 0 },
        "end": { "line": 20, "column": 20 }
      },
      "20": {
        "start": { "line": 21, "column": 0 },
        "end": { "line": 21, "column": 14 }
      },
      "21": {
        "start": { "line": 22, "column": 0 },
        "end": { "line": 22, "column": 4 }
      },
      "23": {
        "start": { "line": 24, "column": 0 },
        "end": { "line": 24, "column": 41 }
      },
      "24": {
        "start": { "line": 25, "column": 0 },
        "end": { "line": 25, "column": 19 }
      },
      "25": {
        "start": { "line": 26, "column": 0 },
        "end": { "line": 26, "column": 21 }
      },
      "26": {
        "start": { "line": 27, "column": 0 },
        "end": { "line": 27, "column": 27 }
      },
      "27": {
        "start": { "line": 28, "column": 0 },
        "end": { "line": 28, "column": 7 }
      },
      "28": {
        "start": { "line": 29, "column": 0 },
        "end": { "line": 29, "column": 3 }
      },
      "30": {
        "start": { "line": 31, "column": 0 },
        "end": { "line": 31, "column": 11 }
      },
      "37": {
        "start": { "line": 38, "column": 0 },
        "end": { "line": 38, "column": 17 }
      },
      "38": {
        "start": { "line": 39, "column": 0 },
        "end": { "line": 39, "column": 30 }
      },
      "39": {
        "start": { "line": 40, "column": 0 },
        "end": { "line": 40, "column": 14 }
      },
      "40": {
        "start": { "line": 41, "column": 0 },
        "end": { "line": 41, "column": 10 }
      },
      "41": {
        "start": { "line": 42, "column": 0 },
        "end": { "line": 42, "column": 65 }
      },
      "42": {
        "start": { "line": 43, "column": 0 },
        "end": { "line": 43, "column": 43 }
      },
      "43": {
        "start": { "line": 44, "column": 0 },
        "end": { "line": 44, "column": 67 }
      },
      "45": {
        "start": { "line": 46, "column": 0 },
        "end": { "line": 46, "column": 17 }
      },
      "46": {
        "start": { "line": 47, "column": 0 },
        "end": { "line": 47, "column": 11 }
      },
      "48": {
        "start": { "line": 49, "column": 0 },
        "end": { "line": 49, "column": 5 }
      },
      "50": {
        "start": { "line": 51, "column": 0 },
        "end": { "line": 51, "column": 31 }
      },
      "51": {
        "start": { "line": 52, "column": 0 },
        "end": { "line": 52, "column": 3 }
      },
      "52": {
        "start": { "line": 53, "column": 0 },
        "end": { "line": 53, "column": 1 }
      },
      "54": {
        "start": { "line": 55, "column": 0 },
        "end": { "line": 55, "column": 29 }
      }
    },
    "s": {
      "0": 1,
      "1": 1,
      "2": 1,
      "3": 1,
      "14": 1,
      "17": 1,
      "18": 1,
      "19": 1,
      "20": 1,
      "21": 1,
      "23": 1,
      "24": 0,
      "25": 0,
      "26": 0,
      "27": 0,
      "28": 0,
      "30": 1,
      "37": 1,
      "38": 1,
      "39": 0,
      "40": 0,
      "41": 0,
      "42": 0,
      "43": 0,
      "45": 0,
      "46": 0,
      "48": 0,
      "50": 1,
      "51": 1,
      "52": 1,
      "54": 1
    },
    "branchMap": {
      "0": {
        "type": "branch",
        "line": 15,
        "loc": {
          "start": { "line": 15, "column": 0 },
          "end": { "line": 53, "column": 1 }
        },
        "locations": [
          {
            "start": { "line": 15, "column": 0 },
            "end": { "line": 53, "column": 1 }
          }
        ]
      },
      "1": {
        "type": "branch",
        "line": 31,
        "loc": {
          "start": { "line": 31, "column": 2 },
          "end": { "line": 52, "column": 3 }
        },
        "locations": [
          {
            "start": { "line": 31, "column": 2 },
            "end": { "line": 52, "column": 3 }
          }
        ]
      },
      "2": {
        "type": "branch",
        "line": 39,
        "loc": {
          "start": { "line": 39, "column": 29 },
          "end": { "line": 49, "column": 5 }
        },
        "locations": [
          {
            "start": { "line": 39, "column": 29 },
            "end": { "line": 49, "column": 5 }
          }
        ]
      }
    },
    "b": { "0": [1], "1": [1], "2": [0] },
    "fnMap": {
      "0": {
        "name": "<instance_members_initializer>",
        "decl": {
          "start": { "line": 15, "column": 0 },
          "end": { "line": 53, "column": 1 }
        },
        "loc": {
          "start": { "line": 15, "column": 0 },
          "end": { "line": 53, "column": 1 }
        },
        "line": 15
      },
      "1": {
        "name": "componentDidCatch",
        "decl": {
          "start": { "line": 24, "column": 2 },
          "end": { "line": 29, "column": 3 }
        },
        "loc": {
          "start": { "line": 24, "column": 2 },
          "end": { "line": 29, "column": 3 }
        },
        "line": 24
      },
      "2": {
        "name": "render",
        "decl": {
          "start": { "line": 31, "column": 2 },
          "end": { "line": 52, "column": 3 }
        },
        "loc": {
          "start": { "line": 31, "column": 2 },
          "end": { "line": 52, "column": 3 }
        },
        "line": 31
      }
    },
    "f": { "0": 1, "1": 0, "2": 1 }
  },
  "D:\\RS-REACT\\001-Repo-2024\\React2024Q3\\src\\components\\errorMessage\\ErrorMessage.tsx": {
    "path": "D:\\RS-REACT\\001-Repo-2024\\React2024Q3\\src\\components\\errorMessage\\ErrorMessage.tsx",
    "all": false,
    "statementMap": {
      "0": {
        "start": { "line": 1, "column": 0 },
        "end": { "line": 1, "column": 48 }
      },
      "2": {
        "start": { "line": 3, "column": 0 },
        "end": { "line": 3, "column": 35 }
      },
      "3": {
        "start": { "line": 4, "column": 0 },
        "end": { "line": 4, "column": 47 }
      },
      "5": {
        "start": { "line": 6, "column": 0 },
        "end": { "line": 6, "column": 72 }
      },
      "6": {
        "start": { "line": 7, "column": 0 },
        "end": { "line": 7, "column": 10 }
      },
      "7": {
        "start": { "line": 8, "column": 0 },
        "end": { "line": 8, "column": 36 }
      },
      "8": {
        "start": { "line": 9, "column": 0 },
        "end": { "line": 9, "column": 58 }
      },
      "9": {
        "start": { "line": 10, "column": 0 },
        "end": { "line": 10, "column": 69 }
      },
      "10": {
        "start": { "line": 11, "column": 0 },
        "end": { "line": 11, "column": 58 }
      },
      "11": {
        "start": { "line": 12, "column": 0 },
        "end": { "line": 12, "column": 10 }
      },
      "13": {
        "start": { "line": 14, "column": 0 },
        "end": { "line": 14, "column": 2 }
      }
    },
    "s": {
      "0": 1,
      "2": 1,
      "3": 1,
      "5": 1,
      "6": 1,
      "7": 1,
      "8": 1,
      "9": 1,
      "10": 1,
      "11": 1,
      "13": 1
    },
    "branchMap": {
      "0": {
        "type": "branch",
        "line": 6,
        "loc": {
          "start": { "line": 6, "column": 28 },
          "end": { "line": 14, "column": 2 }
        },
        "locations": [
          {
            "start": { "line": 6, "column": 28 },
            "end": { "line": 14, "column": 2 }
          }
        ]
      }
    },
    "b": { "0": [1] },
    "fnMap": {
      "0": {
        "name": "ErrorMessage",
        "decl": {
          "start": { "line": 6, "column": 28 },
          "end": { "line": 14, "column": 2 }
        },
        "loc": {
          "start": { "line": 6, "column": 28 },
          "end": { "line": 14, "column": 2 }
        },
        "line": 6
      }
    },
    "f": { "0": 1 }
  },
  "D:\\RS-REACT\\001-Repo-2024\\React2024Q3\\src\\components\\pagination\\Pagination.tsx": {
    "path": "D:\\RS-REACT\\001-Repo-2024\\React2024Q3\\src\\components\\pagination\\Pagination.tsx",
    "all": false,
    "statementMap": {
      "0": {
        "start": { "line": 1, "column": 0 },
        "end": { "line": 1, "column": 50 }
      },
      "2": {
        "start": { "line": 3, "column": 0 },
        "end": { "line": 3, "column": 45 }
      },
      "4": {
        "start": { "line": 5, "column": 0 },
        "end": { "line": 5, "column": 72 }
      },
      "5": {
        "start": { "line": 6, "column": 0 },
        "end": { "line": 6, "column": 9 }
      },
      "6": {
        "start": { "line": 7, "column": 0 },
        "end": { "line": 7, "column": 40 }
      },
      "7": {
        "start": { "line": 8, "column": 0 },
        "end": { "line": 8, "column": 22 }
      },
      "8": {
        "start": { "line": 9, "column": 0 },
        "end": { "line": 9, "column": 12 }
      },
      "10": {
        "start": { "line": 11, "column": 0 },
        "end": { "line": 11, "column": 47 }
      },
      "11": {
        "start": { "line": 12, "column": 0 },
        "end": { "line": 12, "column": 28 }
      },
      "12": {
        "start": { "line": 13, "column": 0 },
        "end": { "line": 13, "column": 4 }
      },
      "14": {
        "start": { "line": 15, "column": 0 },
        "end": { "line": 15, "column": 10 }
      },
      "15": {
        "start": { "line": 16, "column": 0 },
        "end": { "line": 16, "column": 46 }
      },
      "16": {
        "start": { "line": 17, "column": 0 },
        "end": { "line": 17, "column": 47 }
      },
      "17": {
        "start": { "line": 18, "column": 0 },
        "end": { "line": 18, "column": 15 }
      },
      "18": {
        "start": { "line": 19, "column": 0 },
        "end": { "line": 19, "column": 38 }
      },
      "19": {
        "start": { "line": 20, "column": 0 },
        "end": { "line": 20, "column": 49 }
      },
      "20": {
        "start": { "line": 21, "column": 0 },
        "end": { "line": 21, "column": 31 }
      },
      "21": {
        "start": { "line": 22, "column": 0 },
        "end": { "line": 22, "column": 9 }
      },
      "23": {
        "start": { "line": 24, "column": 0 },
        "end": { "line": 24, "column": 17 }
      },
      "24": {
        "start": { "line": 25, "column": 0 },
        "end": { "line": 25, "column": 68 }
      },
      "25": {
        "start": { "line": 26, "column": 0 },
        "end": { "line": 26, "column": 19 }
      },
      "26": {
        "start": { "line": 27, "column": 0 },
        "end": { "line": 27, "column": 14 }
      },
      "27": {
        "start": { "line": 28, "column": 0 },
        "end": { "line": 28, "column": 15 }
      },
      "28": {
        "start": { "line": 29, "column": 0 },
        "end": { "line": 29, "column": 38 }
      },
      "29": {
        "start": { "line": 30, "column": 0 },
        "end": { "line": 30, "column": 49 }
      },
      "30": {
        "start": { "line": 31, "column": 0 },
        "end": { "line": 31, "column": 31 }
      },
      "31": {
        "start": { "line": 32, "column": 0 },
        "end": { "line": 32, "column": 9 }
      },
      "33": {
        "start": { "line": 34, "column": 0 },
        "end": { "line": 34, "column": 17 }
      },
      "34": {
        "start": { "line": 35, "column": 0 },
        "end": { "line": 35, "column": 12 }
      },
      "35": {
        "start": { "line": 36, "column": 0 },
        "end": { "line": 36, "column": 10 }
      },
      "37": {
        "start": { "line": 38, "column": 0 },
        "end": { "line": 38, "column": 2 }
      }
    },
    "s": {
      "0": 1,
      "2": 1,
      "4": 1,
      "5": 14,
      "6": 14,
      "7": 14,
      "8": 14,
      "10": 14,
      "11": 3,
      "12": 3,
      "14": 14,
      "15": 14,
      "16": 14,
      "17": 14,
      "18": 14,
      "19": 14,
      "20": 14,
      "21": 14,
      "23": 14,
      "24": 14,
      "25": 14,
      "26": 14,
      "27": 14,
      "28": 14,
      "29": 14,
      "30": 14,
      "31": 14,
      "33": 14,
      "34": 14,
      "35": 14,
      "37": 14
    },
    "branchMap": {
      "0": {
        "type": "branch",
        "line": 5,
        "loc": {
          "start": { "line": 5, "column": 26 },
          "end": { "line": 38, "column": 2 }
        },
        "locations": [
          {
            "start": { "line": 5, "column": 26 },
            "end": { "line": 38, "column": 2 }
          }
        ]
      },
      "1": {
        "type": "branch",
        "line": 11,
        "loc": {
          "start": { "line": 11, "column": 28 },
          "end": { "line": 13, "column": 4 }
        },
        "locations": [
          {
            "start": { "line": 11, "column": 28 },
            "end": { "line": 13, "column": 4 }
          }
        ]
      },
      "2": {
        "type": "branch",
        "line": 30,
        "loc": {
          "start": { "line": 30, "column": 19 },
          "end": { "line": 30, "column": 49 }
        },
        "locations": [
          {
            "start": { "line": 30, "column": 19 },
            "end": { "line": 30, "column": 49 }
          }
        ]
      }
    },
    "b": { "0": [14], "1": [3], "2": [3] },
    "fnMap": {
      "0": {
        "name": "Pagination",
        "decl": {
          "start": { "line": 5, "column": 26 },
          "end": { "line": 38, "column": 2 }
        },
        "loc": {
          "start": { "line": 5, "column": 26 },
          "end": { "line": 38, "column": 2 }
        },
        "line": 5
      },
      "1": {
        "name": "paginationHandler",
        "decl": {
          "start": { "line": 11, "column": 28 },
          "end": { "line": 13, "column": 4 }
        },
        "loc": {
          "start": { "line": 11, "column": 28 },
          "end": { "line": 13, "column": 4 }
        },
        "line": 11
      },
      "2": {
        "name": "onClick",
        "decl": {
          "start": { "line": 20, "column": 19 },
          "end": { "line": 20, "column": 49 }
        },
        "loc": {
          "start": { "line": 20, "column": 19 },
          "end": { "line": 20, "column": 49 }
        },
        "line": 20
      },
      "3": {
        "name": "onClick",
        "decl": {
          "start": { "line": 30, "column": 19 },
          "end": { "line": 30, "column": 49 }
        },
        "loc": {
          "start": { "line": 30, "column": 19 },
          "end": { "line": 30, "column": 49 }
        },
        "line": 30
      }
    },
    "f": { "0": 14, "1": 3, "2": 0, "3": 3 }
  },
  "D:\\RS-REACT\\001-Repo-2024\\React2024Q3\\src\\components\\searchBar\\SearchBar.tsx": {
    "path": "D:\\RS-REACT\\001-Repo-2024\\React2024Q3\\src\\components\\searchBar\\SearchBar.tsx",
    "all": false,
    "statementMap": {
      "0": {
        "start": { "line": 1, "column": 0 },
        "end": { "line": 1, "column": 62 }
      },
      "2": {
        "start": { "line": 3, "column": 0 },
        "end": { "line": 3, "column": 56 }
      },
      "5": {
        "start": { "line": 6, "column": 0 },
        "end": { "line": 6, "column": 48 }
      },
      "6": {
        "start": { "line": 7, "column": 0 },
        "end": { "line": 7, "column": 44 }
      },
      "8": {
        "start": { "line": 9, "column": 0 },
        "end": { "line": 9, "column": 70 }
      },
      "9": {
        "start": { "line": 10, "column": 0 },
        "end": { "line": 10, "column": 56 }
      },
      "11": {
        "start": { "line": 12, "column": 0 },
        "end": { "line": 12, "column": 35 }
      },
      "13": {
        "start": { "line": 14, "column": 0 },
        "end": { "line": 14, "column": 56 }
      },
      "15": {
        "start": { "line": 16, "column": 0 },
        "end": { "line": 16, "column": 80 }
      },
      "16": {
        "start": { "line": 17, "column": 0 },
        "end": { "line": 17, "column": 49 }
      },
      "17": {
        "start": { "line": 18, "column": 0 },
        "end": { "line": 18, "column": 30 }
      },
      "18": {
        "start": { "line": 19, "column": 0 },
        "end": { "line": 19, "column": 4 }
      },
      "20": {
        "start": { "line": 21, "column": 0 },
        "end": { "line": 21, "column": 62 }
      },
      "21": {
        "start": { "line": 22, "column": 0 },
        "end": { "line": 22, "column": 27 }
      },
      "22": {
        "start": { "line": 23, "column": 0 },
        "end": { "line": 23, "column": 53 }
      },
      "23": {
        "start": { "line": 24, "column": 0 },
        "end": { "line": 24, "column": 4 }
      },
      "25": {
        "start": { "line": 26, "column": 0 },
        "end": { "line": 26, "column": 10 }
      },
      "26": {
        "start": { "line": 27, "column": 0 },
        "end": { "line": 27, "column": 41 }
      },
      "27": {
        "start": { "line": 28, "column": 0 },
        "end": { "line": 28, "column": 59 }
      },
      "28": {
        "start": { "line": 29, "column": 0 },
        "end": { "line": 29, "column": 12 }
      },
      "29": {
        "start": { "line": 30, "column": 0 },
        "end": { "line": 30, "column": 14 }
      },
      "30": {
        "start": { "line": 31, "column": 0 },
        "end": { "line": 31, "column": 21 }
      },
      "31": {
        "start": { "line": 32, "column": 0 },
        "end": { "line": 32, "column": 39 }
      },
      "32": {
        "start": { "line": 33, "column": 0 },
        "end": { "line": 33, "column": 35 }
      },
      "33": {
        "start": { "line": 34, "column": 0 },
        "end": { "line": 34, "column": 34 }
      },
      "34": {
        "start": { "line": 35, "column": 0 },
        "end": { "line": 35, "column": 35 }
      },
      "35": {
        "start": { "line": 36, "column": 0 },
        "end": { "line": 36, "column": 10 }
      },
      "36": {
        "start": { "line": 37, "column": 0 },
        "end": { "line": 37, "column": 15 }
      },
      "37": {
        "start": { "line": 38, "column": 0 },
        "end": { "line": 38, "column": 36 }
      },
      "38": {
        "start": { "line": 39, "column": 0 },
        "end": { "line": 39, "column": 30 }
      },
      "39": {
        "start": { "line": 40, "column": 0 },
        "end": { "line": 40, "column": 31 }
      },
      "40": {
        "start": { "line": 41, "column": 0 },
        "end": { "line": 41, "column": 35 }
      },
      "41": {
        "start": { "line": 42, "column": 0 },
        "end": { "line": 42, "column": 12 }
      },
      "42": {
        "start": { "line": 43, "column": 0 },
        "end": { "line": 43, "column": 9 }
      },
      "44": {
        "start": { "line": 45, "column": 0 },
        "end": { "line": 45, "column": 17 }
      },
      "45": {
        "start": { "line": 46, "column": 0 },
        "end": { "line": 46, "column": 13 }
      },
      "46": {
        "start": { "line": 47, "column": 0 },
        "end": { "line": 47, "column": 10 }
      },
      "48": {
        "start": { "line": 49, "column": 0 },
        "end": { "line": 49, "column": 2 }
      }
    },
    "s": {
      "0": 1,
      "2": 1,
      "5": 1,
      "6": 1,
      "8": 1,
      "9": 16,
      "11": 16,
      "13": 16,
      "15": 16,
      "16": 2,
      "17": 2,
      "18": 2,
      "20": 16,
      "21": 1,
      "22": 1,
      "23": 1,
      "25": 16,
      "26": 16,
      "27": 16,
      "28": 16,
      "29": 16,
      "30": 16,
      "31": 16,
      "32": 16,
      "33": 16,
      "34": 16,
      "35": 16,
      "36": 16,
      "37": 16,
      "38": 16,
      "39": 16,
      "40": 1,
      "41": 1,
      "42": 16,
      "44": 16,
      "45": 16,
      "46": 16,
      "48": 16
    },
    "branchMap": {
      "0": {
        "type": "branch",
        "line": 9,
        "loc": {
          "start": { "line": 9, "column": 25 },
          "end": { "line": 49, "column": 2 }
        },
        "locations": [
          {
            "start": { "line": 9, "column": 25 },
            "end": { "line": 49, "column": 2 }
          }
        ]
      },
      "1": {
        "type": "branch",
        "line": 34,
        "loc": {
          "start": { "line": 34, "column": 17 },
          "end": { "line": 34, "column": 34 }
        },
        "locations": [
          {
            "start": { "line": 34, "column": 17 },
            "end": { "line": 34, "column": 34 }
          }
        ]
      },
      "2": {
        "type": "branch",
        "line": 16,
        "loc": {
          "start": { "line": 16, "column": 25 },
          "end": { "line": 19, "column": 4 }
        },
        "locations": [
          {
            "start": { "line": 16, "column": 25 },
            "end": { "line": 19, "column": 4 }
          }
        ]
      },
      "3": {
        "type": "branch",
        "line": 21,
        "loc": {
          "start": { "line": 21, "column": 26 },
          "end": { "line": 24, "column": 4 }
        },
        "locations": [
          {
            "start": { "line": 21, "column": 26 },
            "end": { "line": 24, "column": 4 }
          }
        ]
      },
      "4": {
        "type": "branch",
        "line": 23,
        "loc": {
          "start": { "line": 23, "column": 19 },
          "end": { "line": 23, "column": 51 }
        },
        "locations": [
          {
            "start": { "line": 23, "column": 19 },
            "end": { "line": 23, "column": 51 }
          }
        ]
      },
      "5": {
        "type": "branch",
        "line": 40,
        "loc": {
          "start": { "line": 40, "column": 19 },
          "end": { "line": 42, "column": 12 }
        },
        "locations": [
          {
            "start": { "line": 40, "column": 19 },
            "end": { "line": 42, "column": 12 }
          }
        ]
      }
    },
    "b": { "0": [16], "1": [13], "2": [2], "3": [1], "4": [0], "5": [1] },
    "fnMap": {
      "0": {
        "name": "SearchBar",
        "decl": {
          "start": { "line": 9, "column": 25 },
          "end": { "line": 49, "column": 2 }
        },
        "loc": {
          "start": { "line": 9, "column": 25 },
          "end": { "line": 49, "column": 2 }
        },
        "line": 9
      },
      "1": {
        "name": "onUpdateSearch",
        "decl": {
          "start": { "line": 16, "column": 25 },
          "end": { "line": 19, "column": 4 }
        },
        "loc": {
          "start": { "line": 16, "column": 25 },
          "end": { "line": 19, "column": 4 }
        },
        "line": 16
      },
      "2": {
        "name": "onSubmitHandler",
        "decl": {
          "start": { "line": 21, "column": 26 },
          "end": { "line": 24, "column": 4 }
        },
        "loc": {
          "start": { "line": 21, "column": 26 },
          "end": { "line": 24, "column": 4 }
        },
        "line": 21
      },
      "3": {
        "name": "onClick",
        "decl": {
          "start": { "line": 40, "column": 19 },
          "end": { "line": 42, "column": 12 }
        },
        "loc": {
          "start": { "line": 40, "column": 19 },
          "end": { "line": 42, "column": 12 }
        },
        "line": 40
      }
    },
    "f": { "0": 16, "1": 2, "2": 1, "3": 1 }
  },
  "D:\\RS-REACT\\001-Repo-2024\\React2024Q3\\src\\components\\spinner\\Spinner.tsx": {
    "path": "D:\\RS-REACT\\001-Repo-2024\\React2024Q3\\src\\components\\spinner\\Spinner.tsx",
    "all": false,
    "statementMap": {
      "0": {
        "start": { "line": 1, "column": 0 },
        "end": { "line": 1, "column": 42 }
      },
      "2": {
        "start": { "line": 3, "column": 0 },
        "end": { "line": 3, "column": 43 }
      },
      "3": {
        "start": { "line": 4, "column": 0 },
        "end": { "line": 4, "column": 10 }
      },
      "4": {
        "start": { "line": 5, "column": 0 },
        "end": { "line": 5, "column": 58 }
      },
      "5": {
        "start": { "line": 6, "column": 0 },
        "end": { "line": 6, "column": 26 }
      },
      "6": {
        "start": { "line": 7, "column": 0 },
        "end": { "line": 7, "column": 10 }
      },
      "7": {
        "start": { "line": 8, "column": 0 },
        "end": { "line": 8, "column": 42 }
      },
      "8": {
        "start": { "line": 9, "column": 0 },
        "end": { "line": 9, "column": 29 }
      },
      "9": {
        "start": { "line": 10, "column": 0 },
        "end": { "line": 10, "column": 38 }
      },
      "10": {
        "start": { "line": 11, "column": 0 },
        "end": { "line": 11, "column": 19 }
      },
      "11": {
        "start": { "line": 12, "column": 0 },
        "end": { "line": 12, "column": 20 }
      },
      "12": {
        "start": { "line": 13, "column": 0 },
        "end": { "line": 13, "column": 49 }
      },
      "14": {
        "start": { "line": 15, "column": 0 },
        "end": { "line": 15, "column": 11 }
      },
      "15": {
        "start": { "line": 16, "column": 0 },
        "end": { "line": 16, "column": 17 }
      },
      "16": {
        "start": { "line": 17, "column": 0 },
        "end": { "line": 17, "column": 33 }
      },
      "17": {
        "start": { "line": 18, "column": 0 },
        "end": { "line": 18, "column": 23 }
      },
      "18": {
        "start": { "line": 19, "column": 0 },
        "end": { "line": 19, "column": 65 }
      },
      "19": {
        "start": { "line": 20, "column": 0 },
        "end": { "line": 20, "column": 28 }
      },
      "20": {
        "start": { "line": 21, "column": 0 },
        "end": { "line": 21, "column": 27 }
      },
      "21": {
        "start": { "line": 22, "column": 0 },
        "end": { "line": 22, "column": 18 }
      },
      "22": {
        "start": { "line": 23, "column": 0 },
        "end": { "line": 23, "column": 19 }
      },
      "23": {
        "start": { "line": 24, "column": 0 },
        "end": { "line": 24, "column": 19 }
      },
      "25": {
        "start": { "line": 26, "column": 0 },
        "end": { "line": 26, "column": 29 }
      },
      "26": {
        "start": { "line": 27, "column": 0 },
        "end": { "line": 27, "column": 40 }
      },
      "27": {
        "start": { "line": 28, "column": 0 },
        "end": { "line": 28, "column": 28 }
      },
      "28": {
        "start": { "line": 29, "column": 0 },
        "end": { "line": 29, "column": 38 }
      },
      "29": {
        "start": { "line": 30, "column": 0 },
        "end": { "line": 30, "column": 39 }
      },
      "30": {
        "start": { "line": 31, "column": 0 },
        "end": { "line": 31, "column": 27 }
      },
      "31": {
        "start": { "line": 32, "column": 0 },
        "end": { "line": 32, "column": 39 }
      },
      "32": {
        "start": { "line": 33, "column": 0 },
        "end": { "line": 33, "column": 32 }
      },
      "33": {
        "start": { "line": 34, "column": 0 },
        "end": { "line": 34, "column": 19 }
      },
      "34": {
        "start": { "line": 35, "column": 0 },
        "end": { "line": 35, "column": 17 }
      },
      "35": {
        "start": { "line": 36, "column": 0 },
        "end": { "line": 36, "column": 33 }
      },
      "36": {
        "start": { "line": 37, "column": 0 },
        "end": { "line": 37, "column": 23 }
      },
      "37": {
        "start": { "line": 38, "column": 0 },
        "end": { "line": 38, "column": 48 }
      },
      "38": {
        "start": { "line": 39, "column": 0 },
        "end": { "line": 39, "column": 65 }
      },
      "39": {
        "start": { "line": 40, "column": 0 },
        "end": { "line": 40, "column": 28 }
      },
      "40": {
        "start": { "line": 41, "column": 0 },
        "end": { "line": 41, "column": 27 }
      },
      "41": {
        "start": { "line": 42, "column": 0 },
        "end": { "line": 42, "column": 18 }
      },
      "42": {
        "start": { "line": 43, "column": 0 },
        "end": { "line": 43, "column": 19 }
      },
      "43": {
        "start": { "line": 44, "column": 0 },
        "end": { "line": 44, "column": 19 }
      },
      "45": {
        "start": { "line": 46, "column": 0 },
        "end": { "line": 46, "column": 29 }
      },
      "46": {
        "start": { "line": 47, "column": 0 },
        "end": { "line": 47, "column": 41 }
      },
      "47": {
        "start": { "line": 48, "column": 0 },
        "end": { "line": 48, "column": 28 }
      },
      "48": {
        "start": { "line": 49, "column": 0 },
        "end": { "line": 49, "column": 38 }
      },
      "49": {
        "start": { "line": 50, "column": 0 },
        "end": { "line": 50, "column": 39 }
      },
      "50": {
        "start": { "line": 51, "column": 0 },
        "end": { "line": 51, "column": 27 }
      },
      "51": {
        "start": { "line": 52, "column": 0 },
        "end": { "line": 52, "column": 39 }
      },
      "52": {
        "start": { "line": 53, "column": 0 },
        "end": { "line": 53, "column": 32 }
      },
      "53": {
        "start": { "line": 54, "column": 0 },
        "end": { "line": 54, "column": 19 }
      },
      "54": {
        "start": { "line": 55, "column": 0 },
        "end": { "line": 55, "column": 17 }
      },
      "55": {
        "start": { "line": 56, "column": 0 },
        "end": { "line": 56, "column": 12 }
      },
      "56": {
        "start": { "line": 57, "column": 0 },
        "end": { "line": 57, "column": 12 }
      },
      "57": {
        "start": { "line": 58, "column": 0 },
        "end": { "line": 58, "column": 10 }
      },
      "59": {
        "start": { "line": 60, "column": 0 },
        "end": { "line": 60, "column": 2 }
      }
    },
    "s": {
      "0": 1,
      "2": 1,
      "3": 5,
      "4": 5,
      "5": 5,
      "6": 5,
      "7": 5,
      "8": 5,
      "9": 5,
      "10": 5,
      "11": 5,
      "12": 5,
      "14": 5,
      "15": 5,
      "16": 5,
      "17": 5,
      "18": 5,
      "19": 5,
      "20": 5,
      "21": 5,
      "22": 5,
      "23": 5,
      "25": 5,
      "26": 5,
      "27": 5,
      "28": 5,
      "29": 5,
      "30": 5,
      "31": 5,
      "32": 5,
      "33": 5,
      "34": 5,
      "35": 5,
      "36": 5,
      "37": 5,
      "38": 5,
      "39": 5,
      "40": 5,
      "41": 5,
      "42": 5,
      "43": 5,
      "45": 5,
      "46": 5,
      "47": 5,
      "48": 5,
      "49": 5,
      "50": 5,
      "51": 5,
      "52": 5,
      "53": 5,
      "54": 5,
      "55": 5,
      "56": 5,
      "57": 5,
      "59": 5
    },
    "branchMap": {
      "0": {
        "type": "branch",
        "line": 3,
        "loc": {
          "start": { "line": 3, "column": 23 },
          "end": { "line": 60, "column": 2 }
        },
        "locations": [
          {
            "start": { "line": 3, "column": 23 },
            "end": { "line": 60, "column": 2 }
          }
        ]
      }
    },
    "b": { "0": [5] },
    "fnMap": {
      "0": {
        "name": "Spinner",
        "decl": {
          "start": { "line": 3, "column": 23 },
          "end": { "line": 60, "column": 2 }
        },
        "loc": {
          "start": { "line": 3, "column": 23 },
          "end": { "line": 60, "column": 2 }
        },
        "line": 3
      }
    },
    "f": { "0": 5 }
  },
  "D:\\RS-REACT\\001-Repo-2024\\React2024Q3\\src\\hooks\\useHttp.ts": {
    "path": "D:\\RS-REACT\\001-Repo-2024\\React2024Q3\\src\\hooks\\useHttp.ts",
    "all": false,
    "statementMap": {
      "0": {
        "start": { "line": 1, "column": 0 },
        "end": { "line": 1, "column": 46 }
      },
      "9": {
        "start": { "line": 10, "column": 0 },
        "end": { "line": 10, "column": 55 }
      },
      "10": {
        "start": { "line": 11, "column": 0 },
        "end": { "line": 11, "column": 48 }
      },
      "11": {
        "start": { "line": 12, "column": 0 },
        "end": { "line": 12, "column": 41 }
      },
      "13": {
        "start": { "line": 14, "column": 0 },
        "end": { "line": 14, "column": 66 }
      },
      "14": {
        "start": { "line": 15, "column": 0 },
        "end": { "line": 15, "column": 21 }
      },
      "16": {
        "start": { "line": 17, "column": 0 },
        "end": { "line": 17, "column": 9 }
      },
      "17": {
        "start": { "line": 18, "column": 0 },
        "end": { "line": 18, "column": 40 }
      },
      "19": {
        "start": { "line": 20, "column": 0 },
        "end": { "line": 20, "column": 25 }
      },
      "20": {
        "start": { "line": 21, "column": 0 },
        "end": { "line": 21, "column": 78 }
      },
      "21": {
        "start": { "line": 22, "column": 0 },
        "end": { "line": 22, "column": 7 }
      },
      "23": {
        "start": { "line": 24, "column": 0 },
        "end": { "line": 24, "column": 44 }
      },
      "25": {
        "start": { "line": 26, "column": 0 },
        "end": { "line": 26, "column": 24 }
      },
      "26": {
        "start": { "line": 27, "column": 0 },
        "end": { "line": 27, "column": 18 }
      },
      "27": {
        "start": { "line": 28, "column": 0 },
        "end": { "line": 28, "column": 17 }
      },
      "28": {
        "start": { "line": 29, "column": 0 },
        "end": { "line": 29, "column": 24 }
      },
      "29": {
        "start": { "line": 30, "column": 0 },
        "end": { "line": 30, "column": 31 }
      },
      "30": {
        "start": { "line": 31, "column": 0 },
        "end": { "line": 31, "column": 28 }
      },
      "31": {
        "start": { "line": 32, "column": 0 },
        "end": { "line": 32, "column": 16 }
      },
      "32": {
        "start": { "line": 33, "column": 0 },
        "end": { "line": 33, "column": 14 }
      },
      "33": {
        "start": { "line": 34, "column": 0 },
        "end": { "line": 34, "column": 46 }
      },
      "34": {
        "start": { "line": 35, "column": 0 },
        "end": { "line": 35, "column": 53 }
      },
      "35": {
        "start": { "line": 36, "column": 0 },
        "end": { "line": 36, "column": 7 }
      },
      "36": {
        "start": { "line": 37, "column": 0 },
        "end": { "line": 37, "column": 5 }
      },
      "37": {
        "start": { "line": 38, "column": 0 },
        "end": { "line": 38, "column": 9 }
      },
      "39": {
        "start": { "line": 40, "column": 0 },
        "end": { "line": 40, "column": 57 }
      },
      "41": {
        "start": { "line": 42, "column": 0 },
        "end": { "line": 42, "column": 49 }
      },
      "42": {
        "start": { "line": 43, "column": 0 },
        "end": { "line": 43, "column": 2 }
      }
    },
    "s": {
      "0": 1,
      "9": 1,
      "10": 19,
      "11": 19,
      "13": 19,
      "14": 4,
      "16": 4,
      "17": 4,
      "19": 3,
      "20": 0,
      "21": 0,
      "23": 3,
      "25": 3,
      "26": 3,
      "27": 3,
      "28": 0,
      "29": 0,
      "30": 0,
      "31": 0,
      "32": 0,
      "33": 0,
      "34": 0,
      "35": 0,
      "36": 0,
      "37": 19,
      "39": 19,
      "41": 19,
      "42": 19
    },
    "branchMap": {
      "0": {
        "type": "branch",
        "line": 10,
        "loc": {
          "start": { "line": 10, "column": 23 },
          "end": { "line": 43, "column": 2 }
        },
        "locations": [
          {
            "start": { "line": 10, "column": 23 },
            "end": { "line": 43, "column": 2 }
          }
        ]
      },
      "1": {
        "type": "branch",
        "line": 14,
        "loc": {
          "start": { "line": 14, "column": 30 },
          "end": { "line": 38, "column": 5 }
        },
        "locations": [
          {
            "start": { "line": 14, "column": 30 },
            "end": { "line": 38, "column": 5 }
          }
        ]
      },
      "2": {
        "type": "branch",
        "line": 18,
        "loc": {
          "start": { "line": 18, "column": 38 },
          "end": { "line": 37, "column": 5 }
        },
        "locations": [
          {
            "start": { "line": 18, "column": 38 },
            "end": { "line": 37, "column": 5 }
          }
        ]
      },
      "3": {
        "type": "branch",
        "line": 20,
        "loc": {
          "start": { "line": 20, "column": 24 },
          "end": { "line": 22, "column": 7 }
        },
        "locations": [
          {
            "start": { "line": 20, "column": 24 },
            "end": { "line": 22, "column": 7 }
          }
        ]
      },
      "4": {
        "type": "branch",
        "line": 28,
        "loc": {
          "start": { "line": 28, "column": 4 },
          "end": { "line": 37, "column": 5 }
        },
        "locations": [
          {
            "start": { "line": 28, "column": 4 },
            "end": { "line": 37, "column": 5 }
          }
        ]
      }
    },
    "b": { "0": [19], "1": [4], "2": [3], "3": [0], "4": [0] },
    "fnMap": {
      "0": {
        "name": "useHttp",
        "decl": {
          "start": { "line": 10, "column": 23 },
          "end": { "line": 43, "column": 2 }
        },
        "loc": {
          "start": { "line": 10, "column": 23 },
          "end": { "line": 43, "column": 2 }
        },
        "line": 10
      }
    },
    "f": { "0": 19 }
  },
  "D:\\RS-REACT\\001-Repo-2024\\React2024Q3\\src\\hooks\\useLocalStorage.ts": {
    "path": "D:\\RS-REACT\\001-Repo-2024\\React2024Q3\\src\\hooks\\useLocalStorage.ts",
    "all": false,
    "statementMap": {
      "0": {
        "start": { "line": 1, "column": 0 },
        "end": { "line": 1, "column": 44 }
      },
      "1": {
        "start": { "line": 2, "column": 0 },
        "end": { "line": 2, "column": 51 }
      },
      "3": {
        "start": { "line": 4, "column": 0 },
        "end": { "line": 4, "column": 48 }
      },
      "5": {
        "start": { "line": 6, "column": 0 },
        "end": { "line": 6, "column": 36 }
      },
      "8": {
        "start": { "line": 9, "column": 0 },
        "end": { "line": 9, "column": 6 }
      },
      "9": {
        "start": { "line": 10, "column": 0 },
        "end": { "line": 10, "column": 43 }
      },
      "11": {
        "start": { "line": 12, "column": 0 },
        "end": { "line": 12, "column": 55 }
      },
      "12": {
        "start": { "line": 13, "column": 0 },
        "end": { "line": 13, "column": 54 }
      },
      "13": {
        "start": { "line": 14, "column": 0 },
        "end": { "line": 14, "column": 65 }
      },
      "14": {
        "start": { "line": 15, "column": 0 },
        "end": { "line": 15, "column": 5 }
      },
      "16": {
        "start": { "line": 17, "column": 0 },
        "end": { "line": 17, "column": 19 }
      },
      "17": {
        "start": { "line": 18, "column": 0 },
        "end": { "line": 18, "column": 55 }
      },
      "18": {
        "start": { "line": 19, "column": 0 },
        "end": { "line": 19, "column": 19 }
      },
      "20": {
        "start": { "line": 21, "column": 0 },
        "end": { "line": 21, "column": 37 }
      },
      "21": {
        "start": { "line": 22, "column": 0 },
        "end": { "line": 22, "column": 2 }
      }
    },
    "s": {
      "0": 1,
      "1": 1,
      "3": 1,
      "5": 1,
      "8": 28,
      "9": 28,
      "11": 28,
      "12": 28,
      "13": 6,
      "14": 28,
      "16": 28,
      "17": 8,
      "18": 28,
      "20": 28,
      "21": 28
    },
    "branchMap": {
      "0": {
        "type": "branch",
        "line": 6,
        "loc": {
          "start": { "line": 6, "column": 31 },
          "end": { "line": 22, "column": 2 }
        },
        "locations": [
          {
            "start": { "line": 6, "column": 31 },
            "end": { "line": 22, "column": 2 }
          }
        ]
      },
      "1": {
        "type": "branch",
        "line": 13,
        "loc": {
          "start": { "line": 13, "column": 47 },
          "end": { "line": 15, "column": 3 }
        },
        "locations": [
          {
            "start": { "line": 13, "column": 47 },
            "end": { "line": 15, "column": 3 }
          }
        ]
      },
      "2": {
        "type": "branch",
        "line": 17,
        "loc": {
          "start": { "line": 17, "column": 12 },
          "end": { "line": 19, "column": 5 }
        },
        "locations": [
          {
            "start": { "line": 17, "column": 12 },
            "end": { "line": 19, "column": 5 }
          }
        ]
      },
      "3": {
        "type": "branch",
        "line": 18,
        "loc": {
          "start": { "line": 18, "column": 37 },
          "end": { "line": 18, "column": 53 }
        },
        "locations": [
          {
            "start": { "line": 18, "column": 37 },
            "end": { "line": 18, "column": 53 }
          }
        ]
      }
    },
    "b": { "0": [28], "1": [6], "2": [8], "3": [5] },
    "fnMap": {
      "0": {
        "name": "useLocalStorage",
        "decl": {
          "start": { "line": 6, "column": 31 },
          "end": { "line": 22, "column": 2 }
        },
        "loc": {
          "start": { "line": 6, "column": 31 },
          "end": { "line": 22, "column": 2 }
        },
        "line": 6
      }
    },
    "f": { "0": 28 }
  },
  "D:\\RS-REACT\\001-Repo-2024\\React2024Q3\\src\\pages\\Page404.tsx": {
    "path": "D:\\RS-REACT\\001-Repo-2024\\React2024Q3\\src\\pages\\Page404.tsx",
    "all": false,
    "statementMap": {
      "0": {
        "start": { "line": 1, "column": 0 },
        "end": { "line": 1, "column": 40 }
      },
      "1": {
        "start": { "line": 2, "column": 0 },
        "end": { "line": 2, "column": 50 }
      },
      "2": {
        "start": { "line": 3, "column": 0 },
        "end": { "line": 3, "column": 60 }
      },
      "3": {
        "start": { "line": 4, "column": 0 },
        "end": { "line": 4, "column": 42 }
      },
      "5": {
        "start": { "line": 6, "column": 0 },
        "end": { "line": 6, "column": 43 }
      },
      "6": {
        "start": { "line": 7, "column": 0 },
        "end": { "line": 7, "column": 10 }
      },
      "7": {
        "start": { "line": 8, "column": 0 },
        "end": { "line": 8, "column": 6 }
      },
      "8": {
        "start": { "line": 9, "column": 0 },
        "end": { "line": 9, "column": 50 }
      },
      "9": {
        "start": { "line": 10, "column": 0 },
        "end": { "line": 10, "column": 61 }
      },
      "10": {
        "start": { "line": 11, "column": 0 },
        "end": { "line": 11, "column": 71 }
      },
      "11": {
        "start": { "line": 12, "column": 0 },
        "end": { "line": 12, "column": 39 }
      },
      "12": {
        "start": { "line": 13, "column": 0 },
        "end": { "line": 13, "column": 56 }
      },
      "13": {
        "start": { "line": 14, "column": 0 },
        "end": { "line": 14, "column": 13 }
      },
      "14": {
        "start": { "line": 15, "column": 0 },
        "end": { "line": 15, "column": 7 }
      },
      "16": {
        "start": { "line": 17, "column": 0 },
        "end": { "line": 17, "column": 2 }
      }
    },
    "s": {
      "0": 1,
      "1": 1,
      "2": 1,
      "3": 1,
      "5": 1,
      "6": 1,
      "7": 1,
      "8": 1,
      "9": 1,
      "10": 1,
      "11": 1,
      "12": 1,
      "13": 1,
      "14": 1,
      "16": 1
    },
    "branchMap": {
      "0": {
        "type": "branch",
        "line": 6,
        "loc": {
          "start": { "line": 6, "column": 23 },
          "end": { "line": 17, "column": 2 }
        },
        "locations": [
          {
            "start": { "line": 6, "column": 23 },
            "end": { "line": 17, "column": 2 }
          }
        ]
      }
    },
    "b": { "0": [1] },
    "fnMap": {
      "0": {
        "name": "Page404",
        "decl": {
          "start": { "line": 6, "column": 23 },
          "end": { "line": 17, "column": 2 }
        },
        "loc": {
          "start": { "line": 6, "column": 23 },
          "end": { "line": 17, "column": 2 }
        },
        "line": 6
      }
    },
    "f": { "0": 1 }
  },
  "D:\\RS-REACT\\001-Repo-2024\\React2024Q3\\src\\pages\\SearchPage.tsx": {
    "path": "D:\\RS-REACT\\001-Repo-2024\\React2024Q3\\src\\pages\\SearchPage.tsx",
    "all": false,
    "statementMap": {
      "0": {
        "start": { "line": 1, "column": 0 },
        "end": { "line": 1, "column": 57 }
      },
      "1": {
        "start": { "line": 2, "column": 0 },
        "end": { "line": 2, "column": 51 }
      },
      "3": {
        "start": { "line": 4, "column": 0 },
        "end": { "line": 4, "column": 59 }
      },
      "4": {
        "start": { "line": 5, "column": 0 },
        "end": { "line": 5, "column": 53 }
      },
      "5": {
        "start": { "line": 6, "column": 0 },
        "end": { "line": 6, "column": 59 }
      },
      "6": {
        "start": { "line": 7, "column": 0 },
        "end": { "line": 7, "column": 71 }
      },
      "7": {
        "start": { "line": 8, "column": 0 },
        "end": { "line": 8, "column": 62 }
      },
      "8": {
        "start": { "line": 9, "column": 0 },
        "end": { "line": 9, "column": 56 }
      },
      "9": {
        "start": { "line": 10, "column": 0 },
        "end": { "line": 10, "column": 65 }
      },
      "13": {
        "start": { "line": 14, "column": 0 },
        "end": { "line": 14, "column": 45 }
      },
      "14": {
        "start": { "line": 15, "column": 0 },
        "end": { "line": 15, "column": 68 }
      },
      "16": {
        "start": { "line": 17, "column": 0 },
        "end": { "line": 17, "column": 46 }
      },
      "17": {
        "start": { "line": 18, "column": 0 },
        "end": { "line": 18, "column": 60 }
      },
      "18": {
        "start": { "line": 19, "column": 0 },
        "end": { "line": 19, "column": 63 }
      },
      "19": {
        "start": { "line": 20, "column": 0 },
        "end": { "line": 20, "column": 57 }
      },
      "21": {
        "start": { "line": 22, "column": 0 },
        "end": { "line": 22, "column": 77 }
      },
      "22": {
        "start": { "line": 23, "column": 0 },
        "end": { "line": 23, "column": 18 }
      },
      "23": {
        "start": { "line": 24, "column": 0 },
        "end": { "line": 24, "column": 41 }
      },
      "25": {
        "start": { "line": 26, "column": 0 },
        "end": { "line": 26, "column": 56 }
      },
      "26": {
        "start": { "line": 27, "column": 0 },
        "end": { "line": 27, "column": 23 }
      },
      "27": {
        "start": { "line": 28, "column": 0 },
        "end": { "line": 28, "column": 17 }
      },
      "28": {
        "start": { "line": 29, "column": 0 },
        "end": { "line": 29, "column": 61 }
      },
      "29": {
        "start": { "line": 30, "column": 0 },
        "end": { "line": 30, "column": 26 }
      },
      "30": {
        "start": { "line": 31, "column": 0 },
        "end": { "line": 31, "column": 25 }
      },
      "31": {
        "start": { "line": 32, "column": 0 },
        "end": { "line": 32, "column": 25 }
      },
      "32": {
        "start": { "line": 33, "column": 0 },
        "end": { "line": 33, "column": 25 }
      },
      "33": {
        "start": { "line": 34, "column": 0 },
        "end": { "line": 34, "column": 17 }
      },
      "34": {
        "start": { "line": 35, "column": 0 },
        "end": { "line": 35, "column": 6 }
      },
      "35": {
        "start": { "line": 36, "column": 0 },
        "end": { "line": 36, "column": 49 }
      },
      "36": {
        "start": { "line": 37, "column": 0 },
        "end": { "line": 37, "column": 42 }
      },
      "37": {
        "start": { "line": 38, "column": 0 },
        "end": { "line": 38, "column": 5 }
      },
      "39": {
        "start": { "line": 40, "column": 0 },
        "end": { "line": 40, "column": 9 }
      },
      "40": {
        "start": { "line": 41, "column": 0 },
        "end": { "line": 41, "column": 28 }
      },
      "41": {
        "start": { "line": 42, "column": 0 },
        "end": { "line": 42, "column": 19 }
      },
      "42": {
        "start": { "line": 43, "column": 0 },
        "end": { "line": 43, "column": 15 }
      },
      "43": {
        "start": { "line": 44, "column": 0 },
        "end": { "line": 44, "column": 15 }
      },
      "44": {
        "start": { "line": 45, "column": 0 },
        "end": { "line": 45, "column": 16 }
      },
      "45": {
        "start": { "line": 46, "column": 0 },
        "end": { "line": 46, "column": 14 }
      },
      "47": {
        "start": { "line": 48, "column": 0 },
        "end": { "line": 48, "column": 45 }
      },
      "48": {
        "start": { "line": 49, "column": 0 },
        "end": { "line": 49, "column": 45 }
      },
      "49": {
        "start": { "line": 50, "column": 0 },
        "end": { "line": 50, "column": 35 }
      },
      "50": {
        "start": { "line": 51, "column": 0 },
        "end": { "line": 51, "column": 16 }
      },
      "51": {
        "start": { "line": 52, "column": 0 },
        "end": { "line": 52, "column": 25 }
      },
      "52": {
[...]
      "20": {
        "type": "branch",
        "line": 103,
        "loc": {
          "start": { "line": 103, "column": 28 },
          "end": { "line": 104, "column": 29 }
        },
        "locations": [
          {
            "start": { "line": 103, "column": 28 },
            "end": { "line": 104, "column": 29 }
          }
        ]
      }
    },
    "b": {
      "0": [13],
      "1": [2],
      "2": [12],
      "3": [8],
      "4": [10],
      "5": [10],
      "6": [6],
      "7": [0],
      "8": [2],
      "9": [0],
      "10": [2],
      "11": [9],
      "12": [9],
      "13": [135],
      "14": [10],
      "15": [1],
      "16": [1],
      "17": [10],
      "18": [9],
      "19": [5],
      "20": [4]
    },
    "fnMap": {
      "0": {
        "name": "SearchPage",
        "decl": {
          "start": { "line": 17, "column": 26 },
          "end": { "line": 140, "column": 2 }
        },
        "loc": {
          "start": { "line": 17, "column": 26 },
          "end": { "line": 140, "column": 2 }
        },
        "line": 17
      },
      "1": {
        "name": "onHideCardDetails",
        "decl": {
          "start": { "line": 87, "column": 28 },
          "end": { "line": 92, "column": 4 }
        },
        "loc": {
          "start": { "line": 87, "column": 28 },
          "end": { "line": 92, "column": 4 }
        },
        "line": 87
      }
    },
    "f": { "0": 13, "1": 0 }
  },
  "D:\\RS-REACT\\001-Repo-2024\\React2024Q3\\src\\routes\\AppRouter.tsx": {
    "path": "D:\\RS-REACT\\001-Repo-2024\\React2024Q3\\src\\routes\\AppRouter.tsx",
    "all": false,
    "statementMap": {
      "0": {
        "start": { "line": 1, "column": 0 },
        "end": { "line": 1, "column": 59 }
      },
      "1": {
        "start": { "line": 2, "column": 0 },
        "end": { "line": 2, "column": 42 }
      },
      "2": {
        "start": { "line": 3, "column": 0 },
        "end": { "line": 3, "column": 40 }
      },
      "4": {
        "start": { "line": 5, "column": 0 },
        "end": { "line": 5, "column": 45 }
      },
      "5": {
        "start": { "line": 6, "column": 0 },
        "end": { "line": 6, "column": 10 }
      },
      "6": {
        "start": { "line": 7, "column": 0 },
        "end": { "line": 7, "column": 12 }
      },
      "7": {
        "start": { "line": 8, "column": 0 },
        "end": { "line": 8, "column": 12 }
      },
      "8": {
        "start": { "line": 9, "column": 0 },
        "end": { "line": 9, "column": 16 }
      },
      "9": {
        "start": { "line": 10, "column": 0 },
        "end": { "line": 10, "column": 65 }
      },
      "10": {
        "start": { "line": 11, "column": 0 },
        "end": { "line": 11, "column": 15 }
      },
      "12": {
        "start": { "line": 13, "column": 0 },
        "end": { "line": 13, "column": 45 }
      },
      "13": {
        "start": { "line": 14, "column": 0 },
        "end": { "line": 14, "column": 59 }
      },
      "14": {
        "start": { "line": 15, "column": 0 },
        "end": { "line": 15, "column": 9 }
      },
      "15": {
        "start": { "line": 16, "column": 0 },
        "end": { "line": 16, "column": 13 }
      },
      "17": {
        "start": { "line": 18, "column": 0 },
        "end": { "line": 18, "column": 2 }
      }
    },
    "s": {
      "0": 1,
      "1": 1,
      "2": 1,
      "4": 1,
      "5": 1,
      "6": 1,
      "7": 1,
      "8": 1,
      "9": 1,
      "10": 1,
      "12": 1,
      "13": 2,
      "14": 1,
      "15": 1,
      "17": 1
    },
    "branchMap": {
      "0": {
        "type": "branch",
        "line": 5,
        "loc": {
          "start": { "line": 5, "column": 25 },
          "end": { "line": 18, "column": 2 }
        },
        "locations": [
          {
            "start": { "line": 5, "column": 25 },
            "end": { "line": 18, "column": 2 }
          }
        ]
      },
      "1": {
        "type": "branch",
        "line": 13,
        "loc": {
          "start": { "line": 13, "column": 24 },
          "end": { "line": 14, "column": 59 }
        },
        "locations": [
          {
            "start": { "line": 13, "column": 24 },
            "end": { "line": 14, "column": 59 }
          }
        ]
      }
    },
    "b": { "0": [1], "1": [2] },
    "fnMap": {
      "0": {
        "name": "AppRouter",
        "decl": {
          "start": { "line": 5, "column": 25 },
          "end": { "line": 18, "column": 2 }
        },
        "loc": {
          "start": { "line": 5, "column": 25 },
          "end": { "line": 18, "column": 2 }
        },
        "line": 5
      }
    },
    "f": { "0": 1 }
  },
  "D:\\RS-REACT\\001-Repo-2024\\React2024Q3\\src\\routes\\routePaths.ts": {
    "path": "D:\\RS-REACT\\001-Repo-2024\\React2024Q3\\src\\routes\\routePaths.ts",
    "all": false,
    "statementMap": {
      "0": {
        "start": { "line": 1, "column": 0 },
        "end": { "line": 1, "column": 24 }
      },
      "1": {
        "start": { "line": 2, "column": 0 },
        "end": { "line": 2, "column": 29 }
      },
      "2": {
        "start": { "line": 3, "column": 0 },
        "end": { "line": 3, "column": 16 }
      }
    },
    "s": { "0": 1, "1": 1, "2": 1 },
    "branchMap": {
      "0": {
        "type": "branch",
        "line": 1,
        "loc": {
          "start": { "line": 1, "column": 7 },
          "end": { "line": 1, "column": 24 }
        },
        "locations": [
          {
            "start": { "line": 1, "column": 7 },
            "end": { "line": 1, "column": 24 }
          }
        ]
      }
    },
    "b": { "0": [3] },
    "fnMap": {},
    "f": {}
  },
  "D:\\RS-REACT\\001-Repo-2024\\React2024Q3\\src\\routes\\routes.ts": {
    "path": "D:\\RS-REACT\\001-Repo-2024\\React2024Q3\\src\\routes\\routes.ts",
    "all": false,
    "statementMap": {
      "0": {
        "start": { "line": 1, "column": 0 },
        "end": { "line": 1, "column": 49 }
      },
      "1": {
        "start": { "line": 2, "column": 0 },
        "end": { "line": 2, "column": 43 }
      },
      "3": {
        "start": { "line": 4, "column": 0 },
        "end": { "line": 4, "column": 42 }
      },
      "5": {
        "start": { "line": 6, "column": 0 },
        "end": { "line": 6, "column": 29 }
      },
      "6": {
        "start": { "line": 7, "column": 0 },
        "end": { "line": 7, "column": 3 }
      },
      "7": {
        "start": { "line": 8, "column": 0 },
        "end": { "line": 8, "column": 32 }
      },
      "8": {
        "start": { "line": 9, "column": 0 },
        "end": { "line": 9, "column": 21 }
      },
      "9": {
        "start": { "line": 10, "column": 0 },
        "end": { "line": 10, "column": 4 }
      },
      "11": {
        "start": { "line": 12, "column": 0 },
        "end": { "line": 12, "column": 3 }
      },
      "12": {
        "start": { "line": 13, "column": 0 },
        "end": { "line": 13, "column": 29 }
      },
      "13": {
        "start": { "line": 14, "column": 0 },
        "end": { "line": 14, "column": 18 }
      },
      "14": {
        "start": { "line": 15, "column": 0 },
        "end": { "line": 15, "column": 4 }
      },
      "15": {
        "start": { "line": 16, "column": 0 },
        "end": { "line": 16, "column": 2 }
      }
    },
    "s": {
      "0": 1,
      "1": 1,
      "3": 1,
      "5": 1,
      "6": 1,
      "7": 1,
      "8": 1,
      "9": 1,
      "11": 1,
      "12": 1,
      "13": 1,
      "14": 1,
      "15": 1
    },
    "branchMap": {},
    "b": {},
    "fnMap": {},
    "f": {}
  },
  "D:\\RS-REACT\\001-Repo-2024\\React2024Q3\\src\\service\\potterDbApi.ts": {
    "path": "D:\\RS-REACT\\001-Repo-2024\\React2024Q3\\src\\service\\potterDbApi.ts",
    "all": false,
    "statementMap": {
      "0": {
        "start": { "line": 1, "column": 0 },
        "end": { "line": 1, "column": 8 }
      },
      "6": {
        "start": { "line": 7, "column": 0 },
        "end": { "line": 7, "column": 45 }
      },
      "7": {
        "start": { "line": 8, "column": 0 },
        "end": { "line": 8, "column": 43 }
      },
      "8": {
        "start": { "line": 9, "column": 0 },
        "end": { "line": 9, "column": 36 }
      },
      "10": {
        "start": { "line": 11, "column": 0 },
        "end": { "line": 11, "column": 57 }
      },
      "11": {
        "start": { "line": 12, "column": 0 },
        "end": { "line": 12, "column": 60 }
      },
      "12": {
        "start": { "line": 13, "column": 0 },
        "end": { "line": 13, "column": 33 }
      },
      "13": {
        "start": { "line": 14, "column": 0 },
        "end": { "line": 14, "column": 33 }
      },
      "14": {
        "start": { "line": 15, "column": 0 },
        "end": { "line": 15, "column": 40 }
      },
      "16": {
        "start": { "line": 17, "column": 0 },
        "end": { "line": 17, "column": 30 }
      },
      "17": {
        "start": { "line": 18, "column": 0 },
        "end": { "line": 18, "column": 25 }
      },
      "18": {
        "start": { "line": 19, "column": 0 },
        "end": { "line": 19, "column": 32 }
      },
      "20": {
        "start": { "line": 21, "column": 0 },
        "end": { "line": 21, "column": 60 }
      },
      "22": {
        "start": { "line": 23, "column": 0 },
        "end": { "line": 23, "column": 36 }
      },
      "23": {
        "start": { "line": 24, "column": 0 },
        "end": { "line": 24, "column": 11 }
      },
      "24": {
        "start": { "line": 25, "column": 0 },
        "end": { "line": 25, "column": 38 }
      },
      "25": {
        "start": { "line": 26, "column": 0 },
        "end": { "line": 26, "column": 32 }
      },
      "26": {
        "start": { "line": 27, "column": 0 },
        "end": { "line": 27, "column": 35 }
      },
      "27": {
        "start": { "line": 28, "column": 0 },
        "end": { "line": 28, "column": 36 }
      },
      "28": {
        "start": { "line": 29, "column": 0 },
        "end": { "line": 29, "column": 33 }
      },
      "29": {
        "start": { "line": 30, "column": 0 },
        "end": { "line": 30, "column": 18 }
      },
      "30": {
        "start": { "line": 31, "column": 0 },
        "end": { "line": 31, "column": 19 }
      },
      "31": {
        "start": { "line": 32, "column": 0 },
        "end": { "line": 32, "column": 24 }
      },
      "32": {
        "start": { "line": 33, "column": 0 },
        "end": { "line": 33, "column": 17 }
      },
      "33": {
        "start": { "line": 34, "column": 0 },
        "end": { "line": 34, "column": 22 }
      },
      "34": {
        "start": { "line": 35, "column": 0 },
        "end": { "line": 35, "column": 19 }
      },
      "35": {
        "start": { "line": 36, "column": 0 },
        "end": { "line": 36, "column": 20 }
      },
      "36": {
        "start": { "line": 37, "column": 0 },
        "end": { "line": 37, "column": 28 }
      },
      "37": {
        "start": { "line": 38, "column": 0 },
        "end": { "line": 38, "column": 26 }
      },
      "38": {
        "start": { "line": 39, "column": 0 },
        "end": { "line": 39, "column": 15 }
      },
      "39": {
        "start": { "line": 40, "column": 0 },
        "end": { "line": 40, "column": 63 }
      },
      "40": {
        "start": { "line": 41, "column": 0 },
        "end": { "line": 41, "column": 8 }
      },
      "41": {
        "start": { "line": 42, "column": 0 },
        "end": { "line": 42, "column": 24 }
      },
      "42": {
        "start": { "line": 43, "column": 0 },
        "end": { "line": 43, "column": 6 }
      },
      "43": {
        "start": { "line": 44, "column": 0 },
        "end": { "line": 44, "column": 13 }
      },
      "44": {
        "start": { "line": 45, "column": 0 },
        "end": { "line": 45, "column": 4 }
      },
      "46": {
        "start": { "line": 47, "column": 0 },
        "end": { "line": 47, "column": 35 }
      },
      "47": {
        "start": { "line": 48, "column": 0 },
        "end": { "line": 48, "column": 60 }
      },
      "48": {
        "start": { "line": 49, "column": 0 },
        "end": { "line": 49, "column": 33 }
      },
      "49": {
        "start": { "line": 50, "column": 0 },
        "end": { "line": 50, "column": 27 }
      },
      "50": {
        "start": { "line": 51, "column": 0 },
        "end": { "line": 51, "column": 35 }
      },
      "52": {
        "start": { "line": 53, "column": 0 },
        "end": { "line": 53, "column": 26 }
      },
      "53": {
        "start": { "line": 54, "column": 0 },
        "end": { "line": 54, "column": 15 }
      },
      "54": {
        "start": { "line": 55, "column": 0 },
        "end": { "line": 55, "column": 43 }
      },
      "55": {
        "start": { "line": 56, "column": 0 },
        "end": { "line": 56, "column": 8 }
      },
      "57": {
        "start": { "line": 58, "column": 0 },
        "end": { "line": 58, "column": 24 }
      },
      "58": {
        "start": { "line": 59, "column": 0 },
        "end": { "line": 59, "column": 6 }
      },
      "59": {
        "start": { "line": 60, "column": 0 },
        "end": { "line": 60, "column": 13 }
      },
      "60": {
        "start": { "line": 61, "column": 0 },
        "end": { "line": 61, "column": 4 }
      },
      "62": {
        "start": { "line": 63, "column": 0 },
        "end": { "line": 63, "column": 75 }
      },
      "63": {
        "start": { "line": 64, "column": 0 },
        "end": { "line": 64, "column": 46 }
      },
      "64": {
        "start": { "line": 65, "column": 0 },
        "end": { "line": 65, "column": 47 }
      },
      "65": {
        "start": { "line": 66, "column": 0 },
        "end": { "line": 66, "column": 53 }
      },
      "66": {
        "start": { "line": 67, "column": 0 },
        "end": { "line": 67, "column": 5 }
      },
      "67": {
        "start": { "line": 68, "column": 0 },
        "end": { "line": 68, "column": 46 }
      },
      "68": {
        "start": { "line": 69, "column": 0 },
        "end": { "line": 69, "column": 50 }
      },
      "69": {
        "start": { "line": 70, "column": 0 },
        "end": { "line": 70, "column": 5 }
      },
      "70": {
        "start": { "line": 71, "column": 0 },
        "end": { "line": 71, "column": 28 }
      },
      "71": {
        "start": { "line": 72, "column": 0 },
        "end": { "line": 72, "column": 4 }
      },
      "73": {
        "start": { "line": 74, "column": 0 },
        "end": { "line": 74, "column": 10 }
      },
      "74": {
        "start": { "line": 75, "column": 0 },
        "end": { "line": 75, "column": 12 }
      },
      "75": {
        "start": { "line": 76, "column": 0 },
        "end": { "line": 76, "column": 10 }
      },
      "76": {
        "start": { "line": 77, "column": 0 },
        "end": { "line": 77, "column": 15 }
      },
      "77": {
        "start": { "line": 78, "column": 0 },
        "end": { "line": 78, "column": 18 }
      },
      "78": {
        "start": { "line": 79, "column": 0 },
        "end": { "line": 79, "column": 17 }
      },
      "79": {
        "start": { "line": 80, "column": 0 },
        "end": { "line": 80, "column": 17 }
      },
      "80": {
        "start": { "line": 81, "column": 0 },
        "end": { "line": 81, "column": 19 }
      },
      "81": {
        "start": { "line": 82, "column": 0 },
        "end": { "line": 82, "column": 23 }
      },
      "82": {
        "start": { "line": 83, "column": 0 },
        "end": { "line": 83, "column": 4 }
      },
      "83": {
        "start": { "line": 84, "column": 0 },
        "end": { "line": 84, "column": 2 }
      }
    },
    "s": {
      "0": 1,
      "6": 1,
      "7": 1,
      "8": 1,
      "10": 1,
      "11": 19,
      "12": 19,
      "13": 19,
      "14": 19,
      "16": 19,
      "17": 19,
      "18": 19,
      "20": 19,
      "22": 19,
      "23": 19,
      "24": 1,
      "25": 1,
      "26": 1,
      "27": 1,
      "28": 1,
      "29": 1,
      "30": 1,
      "31": 1,
      "32": 1,
      "33": 1,
      "34": 1,
      "35": 1,
      "36": 1,
      "37": 0,
      "38": 0,
      "39": 0,
      "40": 0,
      "41": 0,
      "42": 1,
      "43": 19,
      "44": 19,
      "46": 19,
      "47": 19,
      "48": 3,
      "49": 3,
      "50": 3,
      "52": 3,
      "53": 3,
      "54": 3,
      "55": 3,
      "57": 3,
      "58": 3,
      "59": 19,
      "60": 19,
      "62": 19,
      "63": 3,
      "64": 3,
      "65": 0,
      "66": 0,
      "67": 3,
      "68": 1,
      "69": 1,
      "70": 3,
      "71": 3,
      "73": 19,
      "74": 19,
      "75": 19,
      "76": 19,
      "77": 19,
      "78": 19,
      "79": 19,
      "80": 19,
      "81": 19,
      "82": 19,
      "83": 19
    },
    "branchMap": {
      "0": {
        "type": "branch",
        "line": 11,
        "loc": {
          "start": { "line": 11, "column": 27 },
          "end": { "line": 84, "column": 2 }
        },
        "locations": [
          {
            "start": { "line": 11, "column": 27 },
            "end": { "line": 84, "column": 2 }
          }
        ]
      },
      "1": {
        "type": "branch",
        "line": 24,
        "loc": {
          "start": { "line": 24, "column": 4 },
          "end": { "line": 43, "column": 6 }
        },
        "locations": [
          {
            "start": { "line": 24, "column": 4 },
            "end": { "line": 43, "column": 6 }
          }
        ]
      },
      "2": {
        "type": "branch",
        "line": 37,
        "loc": {
          "start": { "line": 37, "column": 6 },
          "end": { "line": 42, "column": 24 }
        },
        "locations": [
          {
            "start": { "line": 37, "column": 6 },
            "end": { "line": 42, "column": 24 }
          }
        ]
      },
      "3": {
        "type": "branch",
        "line": 48,
        "loc": {
          "start": { "line": 48, "column": 4 },
          "end": { "line": 59, "column": 6 }
        },
        "locations": [
          {
            "start": { "line": 48, "column": 4 },
            "end": { "line": 59, "column": 6 }
          }
        ]
      },
      "4": {
        "type": "branch",
        "line": 63,
        "loc": {
          "start": { "line": 63, "column": 29 },
          "end": { "line": 72, "column": 4 }
        },
        "locations": [
          {
            "start": { "line": 63, "column": 29 },
            "end": { "line": 72, "column": 4 }
          }
        ]
      },
      "5": {
        "type": "branch",
        "line": 65,
        "loc": {
          "start": { "line": 65, "column": 46 },
          "end": { "line": 67, "column": 5 }
        },
        "locations": [
          {
            "start": { "line": 65, "column": 46 },
            "end": { "line": 67, "column": 5 }
          }
        ]
      },
      "6": {
        "type": "branch",
        "line": 68,
        "loc": {
          "start": { "line": 68, "column": 45 },
          "end": { "line": 70, "column": 5 }
        },
        "locations": [
          {
            "start": { "line": 68, "column": 45 },
            "end": { "line": 70, "column": 5 }
          }
        ]
      }
    },
    "b": {
      "0": [19],
      "1": [1],
      "2": [0],
      "3": [3],
      "4": [3],
      "5": [0],
      "6": [1]
    },
    "fnMap": {
      "0": {
        "name": "PotterDbApi",
        "decl": {
          "start": { "line": 11, "column": 27 },
          "end": { "line": 84, "column": 2 }
        },
        "loc": {
          "start": { "line": 11, "column": 27 },
          "end": { "line": 84, "column": 2 }
        },
        "line": 11
      },
      "1": {
        "name": "transformCharacter",
        "decl": {
          "start": { "line": 63, "column": 29 },
          "end": { "line": 72, "column": 4 }
        },
        "loc": {
          "start": { "line": 63, "column": 29 },
          "end": { "line": 72, "column": 4 }
        },
        "line": 63
      }
    },
    "f": { "0": 19, "1": 3 }
  }
}
